Employees.ename  
ziztdepvviykygxbigav	
tbyqfgezqiqkcsexobsv	
sloepiriiihmmgnnbvrg	
tfaevdywrbmchbowpgop	
vgofdflfjrqcoeirwvoo	
skhhrqkunwuyqwqvcvjq	
hjkywdvntbmkgdoelwyo	
mvgjzghqdehsyzcsqbxy	
nnulvqrfjltjcclgwptf	
qwchttowausqkdgypmqk	
pcafmjahzjpauypewgps	
wsuiejvvgjvsglrckmwo	
skhhrqkunwuyqwqvcvjq	
pfcokzxjqymqokrixdvp	
irggugjsavwhojaclxsl	
pbfnrnimqxunjyawsdtt	
pubfohbaxxangntgkzpm	
hwzmszyziztsuusnstig	
mvgjzghqdehsyzcsqbxy	
mvgjzghqdehsyzcsqbxy	
sloepiriiihmmgnnbvrg	
niwwbaehsrpogbrfatpp	
vgofdflfjrqcoeirwvoo	
aqefkawrjqkgksajrjtm	
gyzgpkewfpxjjqqvgbys	
llmoajwviyddnbqurpnc	
jglildswrutvczpgawrz	
yogcdzgmfidjnhteoqne	
bwehytzpdyznvywxjjiu	
nmkqvtygmqufnkgzugro	
udxohzvwjnywvzruizml	
rvrmzftkwjlgbwdsippq	
jrwwvcsumwbznoipgnaq	
kalharjkmreemfylqrie	
hwzmszyziztsuusnstig	
aqxmpgazsnsuvmacjegq	
eeubojjzmdcdgowulnvm	
kekpntucatgxxarlzghj	
ceqrmsjfejexqwbbmuph	
gbukhbkiiehfmfaychik	
wpjoukjcidutioqiyfsx	
qjwzccmdnlropeerebty	
mamqollaoqrllmwfroti	
tgkubevchfcvdpsoyivb	
vhdagknmxmeshrjbojqf	
ancjcomxcftyfmhiruna	
fylurkxinsxscajfcvlr	
ufxkotsnqysfpemxmzca	
zdczjbbbqlzcknqsuqmk	
fmxcenxmseiojdxqeofa	
hhbrmmhbzilrrekwuova	
qivdpwjxyqhtdxoftfrb	
qivdpwjxyqhtdxoftfrb	
zlpiwbphqtpobzphhfhp	
bncpyzkjauhanjiutquh	
lqedmvonjmrtlqacucls	
xnqqqfadfkrtavauymyp	
vhdagknmxmeshrjbojqf	
muyjplqrwyjwvzndkxry	
ltyeeqjkebrlzkjffqbl	
vgavqveyrzqgtvmtnewc	
nabrjsadouqyesgsekih	
yejtsmmwwdpwihkzifkz	
awfmkqnwylcrifxpfmzx	
mopgicvomtrnkiabpenb	
ornrulthnyuwgujjbeem	
rkfisjbkqnqemirihhsv	
piobrxjzwltnksgbtgto	
qkbvfixqxmbeoybrhzzz	
uyzjwcpwqwiththlfxov	
hhbrmmhbzilrrekwuova	
cpenfduzwrqlwhknfmce	
lmqapwzbuxdhvjxqihbf	
bncpyzkjauhanjiutquh	
bfrqhxcmpjjpnhoulojj	
wxbazuynxtoheateblkw	
xvzbwugwvwsayhptvlah	
nbyivhabyycxyxihqizk	
muyjplqrwyjwvzndkxry	
vrcjotkmaiuxdogifels	
maxugdxdycdavbghsyti	
jbnwsdnwphfirbuqqecp	
cbtkczmhkcccqppuphbm	
edjiqkmkwjfxsbchhwkw	
nnltvhjwulleslfxidoj	
qfyngzggogqzlyjuaoka	
mevlrppsbmapsjefkakz	
cfiljfejanceeizmkjcd	
fybpuhwtougfkwldxnoa	
picwvsvdbsmvdlludswb	
tqilbjtzqsyvtrcggxrf	
rympiinxxgoqkkgmdyhr	
xxauswwwrccvtupvrjsz	
euzcsrgzhjvaunguwuza	
gztfcxsugpbnwxnxvqvq	
qfyngzggogqzlyjuaoka	
qnzozlvczpativkyhsgg	
jpzdvhubuzjjayqzjiug	
jpzdvhubuzjjayqzjiug	
xxauswwwrccvtupvrjsz	
qcrtrftvxeqxdnyrupdh	
qcrtrftvxeqxdnyrupdh	
tuaplipdktekwpnjqisx	
arobsooapgudkzyhlmut	
cqhxswmywqgagmdjyphd	
quouggrldzyqpmxolade	
yhjxwvaoyfwpyiygxltx	
owektwiyopeeezhwfmhi	
faseoceplmvwbyoevpfq	
kzoyjmkpkalwmuwtmubu	
euzcsrgzhjvaunguwuza	
tuaplipdktekwpnjqisx	
arobsooapgudkzyhlmut	
cnceoeweygelfmbbrokp	
kifqrcswhzsdrmezrzkw	
swzkqrhngbclygyyjsmg	
pkfagpoynbythsrwdlpa	
cuyvuegvumnsetgjzdjw	
butfsywmszbwndwxbavd	
zbcurarvczuuroewzbnr	
zpqfgqjsmzpcipaiudhz	
tvyexafsnzlpszvfcnkh	
eambyehkiwabpbtgxxzj	
ahndhthcuomgdcipxdvm	
lfbbqeavrhovawgghfak	
tungncpfslrredojfxbr	
pvkupnxphhucoygysfez	
honueumlpwmvamvoexmd	
aricxawzulvczuldpzcm	
uejpjlfdjanlbigjbpfm	
uonbcatkxgxfcbjdrltd	
uonbcatkxgxfcbjdrltd	
narznbvkrcftfhvxoomf	
lolylrgptuhczautrjbf	
unysffdnimlximnunrua	
pjdxhzdeucwvxrudpfao	
zjtvpaeinffscsxtvxoa	
jngpfycnukfhwyfbkibu	
ahndhthcuomgdcipxdvm	
vlyzabshzdkfvkxicheg	
agwuixauifzsmajvkigf	
pvkupnxphhucoygysfez	
ubtedwwhzzwpcmrbsdzb	
fpmyemculcytulerfwxw	
zfadmejkscrsdrezsuqz	
uonbcatkxgxfcbjdrltd	
jtsriqfoseebsfukoklp	
gtxgnjxjjnrxefuoedwq	
zjtvpaeinffscsxtvxoa	
pvkupnxphhucoygysfez	
rpwunxctvxogjutlnptf	
ihziuncqcuprqlntpzsj	
lcdlyladzjoqdnxbklsd	
btqwyexotmwerkyfaexv	
msmrqqrhmnrciipolsoz	
vwwiiirdcsbolwwyhzil	
ebqncjvogojdtfojtrtn	
kbzeycdlulubxzmobaio	
hnpwyypetpsayrbzqbbu	
bikvajlydnyvwowjalvh	
kukfmqhcroumjfjgkhni	
pnypiaqunxntyigavysi	
rlfplbahdiwarzbkmrdl	
uzfxbgppfuvwpipnsfos	
tbphbqlnymodndthxdwy	
wrmqpvlbwmjeslogetiy	
ltvamjzzswmtruoiyglq	
ohvdnwxdgqawojsfjwbg	
lfxnsvigcwykyunbcwop	
rlfplbahdiwarzbkmrdl	
vctjialuljhutpxjgrvd	
ebniuadvsritqzeneowl	
texjewsnkszywpchxptn	
pwspzovzfucxgrvwemll	
pbueoehbahzkyofrpixq	
wwntfpfynteducjhfril	
hslssurarsitpgxkmtcf	
vdkqktmjvxmphlnmbvyv	
sxzvnzpqtgfygnycuthx	
znjikyueskxwbyhvahxv	
eaprarxwxuklblhkbbyx	
bwmbngdwjzmwuzevsjxh	
cpjcbughoexqmatkcmty	
esihbivlzmewqtyeiwzr	
pwspzovzfucxgrvwemll	
otnnxdaeybhbokogzmlx	
ocudilxdstozbzqehnra	
lxzqqrzigfojqfzuamfx	
tuxksovwqxpvzhtfxgsk	
tqfnxktxjqqkscpcqqzs	
cizrezffipeqvuarwltn	
nbwjoebupsuixmwlmzbb	
zlpikoswtlqudoxfdcsb	
klvimuckfdkrbjbapmqv	
xdtmqczjfxbhylzfdaet	
egepdzsxkbvvshiyyhib	
lbljqrvdwirybcyabpdc	
ktnonwtelwwuqtfuounc	
mwfdonnbmrkjsvmftqyb	
lgdkqlhebbyetvpcekdt	
vkpegkvqhvnwkanpzoai	
pmiwbbjnmpyqrzyrprzu	
lnjjrrifmogeeajiqygj	
yjpchoqqkbpwdpzhdkat	
uybfjzujdqgurfindvhj	
xpwdjaoykcjwlkyktlej	
ntwpycllriacpnwgmcow	
ggnfbsajvxbvpucodbag	
drnjbuvhchsawyueslng	
lfxnsvigcwykyunbcwop	
pmiwbbjnmpyqrzyrprzu	
mlpmtcomfzuazjceswag	
nczqlusilrigppglmsvx	
lltyhnccfcmlgbwwvesc	
mbfjzkixkrtyjfjmjrbv	
vtjxcvxbhzeoiorzcxjw	
kqmuxyzlqdrmsecpsiqd	
dnwwobfwoxwqqidicwwl	
djdjpvxcpzbkavykyixb	
pxfnanozuagqqxqmzyvp	
zglfvgadrjntbogbmfbs	
lgdkqlhebbyetvpcekdt	
vkpegkvqhvnwkanpzoai	
pgszasajynnubqowguad	
dnwwobfwoxwqqidicwwl	
djdjpvxcpzbkavykyixb	
ycgnpolvytlqhajttqqp	
aeuwxalbqqcvicvhwznh	
kqmuxyzlqdrmsecpsiqd	
appbxpcymvdesbgcmwoa	
uyfmqbjzsdxidqxfjazw	
dzcukakeoxgkiikxfyqy	
uybfjzujdqgurfindvhj	
wemhkrvpdrvingtarknq	
pxfnanozuagqqxqmzyvp	
lkaasechglcnqbcxvrlt	
lkaasechglcnqbcxvrlt	
yjsxxgfsgvfwflisgcbx	
wumwpxpmbufwotscxpmo	
dokhjipyclgufwcdoiyt	
yxdvnspwzcerlwosxdwk	
wwsdoprjwcxolpxnkcoq	
lkaasechglcnqbcxvrlt	
vpgrgknvponpnjcedxxr	
kgxzyoesjlelczeqxqyq	
oshdszdqkwicccedvcrg	
zqipfedcatzbsheroqra	
bcammxaijrzhwcprunaw	
xnurcpysbsiufqolualq	
rnxjpejvvqemtznxzsek	
wsdhqpgfivzdgttmeumd	
xldtwpuiyoskmvqeftts	
fvzxhtrkfsskpwdowmwl	
prgjwlgpuzzdoeapbdcq	
frftbuitbwehjpmmpevs	
wehfgxioorucwddxvtnz	
reqmaqvbsphkndpvpnkb	
omxsiamvrhcattppuojn	
uqekfavebtvowozmpjqi	
txsemlwbodpufwfpkjil	
foutbhanovbnzlnhcksu	
wehfgxioorucwddxvtnz	
thmkusilnededdvpvijb	
thmkusilnededdvpvijb	
ijlpabynogtkcudotvpb	
myujdzzutlihkjtmnuzm	
lzgvyuxkjdeamnxlclkt	
cqompysfifqyhxznrizk	
thmkusilnededdvpvijb	
uanybopbhbdrdlrudrfh	
txsemlwbodpufwfpkjil	
qopnqfzchfgfhvincuop	
wmyzjcppqkirhpzlcylm	
hnapbjdsbzkljlpfvjyi	
lmfhokwzvvxduoiwtkch	
flaghqhwvwaxtmckfqsy	
lecycionlbhdvzvnyfra	
whjbtolkfkvhgdsbsajm	
vqvrdhabvocrfnujuuxt	
nhubdrotwjxzpbwxqigd	
cvrplmrxfimfxnuddxsu	
oshdszdqkwicccedvcrg	
wjxmwffhvxycntifznlv	
fotkxvfvfdnhcecjaznv	
thlemcuxzpxqxxwfrvwo	
nueamtahaxkhjbneynfr	
mgjagwlopfwgdngldzmo	
khqtlgjwrizylxfgxoix	
wyjwvbjjzixsjulwpezr	
odoyweyplkdfbvfzfvrg	
obtafmuugavbzruxkryz	
jmnehyddxzojyxxpnpsj	
cywxjyzlxhvybarmajio	
dxhxnasnkcmbcffpjlpb	
zrgddosqtzdcijlgolyj	
qtxrbfwtdlihsxafrsny	
gbndpfbczqqsdaeyfpro	
yspinxngpjwpmxsrwpni	
rzbzbzmgsddcgznnoacm	
poehhqvdwnqxhwhljhvt	
pjlejuzhcimbgnfokqpv	
cakbepmswviwclahronw	
ucnmzorryjomsvcgliqs	
zqacbandisvykbwxaghi	
dvwtykpmkvgxsgutqpfg	
lqfnejvcvnednlsxuort	
lsskgnlmqnohmcczjltj	
ltkjbdvdibhmzqhmyhai	
lbrsfwggvykxkihflfwh	
wkeuolnzzlqkbtoqvlwp	
odrxbmgenxacmkiqmvau	
vocasdepgelcezciuqru	
ahluragdjuabmjrwqarr	
rzbzbzmgsddcgznnoacm	
lqfnejvcvnednlsxuort	
qnkcpxryjgvqolwmunye	
thlemcuxzpxqxxwfrvwo	
thlemcuxzpxqxxwfrvwo	
xqylgadqbmcxxgfkwjec	
aamxlhgshjtmyprycsqq	
khqtlgjwrizylxfgxoix	
yspinxngpjwpmxsrwpni	
ajkbrxvawaoaqxsmrilu	
ubehoihqlqcinlodwtlu	
hddcrrihewlaswqjvpbq	
outpcunemefdajnuzcog	
ezscsbawakhpatdfxeoi	
qzknikqaapnwznakfjel	
ctuikygnpdfvabljtish	
nqoeebekaebscaazxoxs	
tcupzlhownnnapyyuoxu	
olhamciqxcgjnxhbfphf	
iahycocalapcgitmnhwp	
ncdzjowlbrmdfcezidsh	
btjapfgrknnaulmemtwq	
kgkrzbjmbexadilzdkey	
vzuhemimxgcffdhgdgdz	
hdafzqvsiijwrctvyzgq	
olhamciqxcgjnxhbfphf	
tpjuiejyutjbeinvufdz	
vmoptnqqtcbvcwzfrext	
iahycocalapcgitmnhwp	
bmfemskndnwkgdktciab	
uzonhednpmetmspuhnnm	
odzrxxnwbszgvmeqylbt	
wosihhirfdixyclmruha	
zbdoxcadptmhyvsclvqb	
olhamciqxcgjnxhbfphf	
dmyprhbntljaeyoyhavi	
taztluwekgdnjjxoknwk	
vmoptnqqtcbvcwzfrext	
zrnomfnmyuefzshsxdbq	
hwonjhgmwmmvdsappves	
dhmlipjhkspwqqtgldza	
fxqzmpyabysphicgjncf	
gcaprngtsfnzynvonecz	
beomqltzpkmctkmmyvmo	
iahycocalapcgitmnhwp	
jmnehyddxzojyxxpnpsj	
yrdxnikbgthrzuvkbbat	
toaoawobmqtsdpjxnpij	
hwonjhgmwmmvdsappves	
pzzojqmkdodorvpmqefn	
yaaxsbkedjclsmnqdwuj	
bbunfaqgcsdfulbxhgfb	
sumcdczgrckdonlytmas	
kzxepvllbtyeemqoipkg	
ggujtfyakejjpbzbcbns	
fwzkgjwjacopljovfomk	
vvehlnhrnippyycmwtid	
evopbafxcuqcchipnvrv	
xdkbzfynpghjbbefybxq	
bktvsqdkladtrwhiyunn	
aoxsdsnxqstrjzenaprd	
zxhwqikjkolpyrwplpho	
byjerfujdehanexruxqf	
ektppxynkbymbwhclgjv	
lcdrmigkjpkreyesgzxf	
bktvsqdkladtrwhiyunn	
waalguvedqmjpqvlxcaz	
ryydglqomcshmkrwiweh	
gslmttiaqphgsnopohpz	
gslmttiaqphgsnopohpz	
vbqkapuvgtskubhyeaju	
oeexqkmhtewwkqxteetg	
kgtysheuyfitgwesokfz	
ektppxynkbymbwhclgjv	
epqrrrolcudygbwjlrfo	
ysyqsflrwkwkbxihohhd	
uaqbkjuazpgglhvesnri	
waalguvedqmjpqvlxcaz	
byjerfujdehanexruxqf	
kzxepvllbtyeemqoipkg	
ggujtfyakejjpbzbcbns	
qipikhvjcwqbwrwgcnaz	
whvcwfhqjnrmyoxvpkwt	
iiyodlxdtvrkdhpkadpe	
mjqpliyueaipqoxqeumk	
qmogfdjjruyephxkywxg	
byjerfujdehanexruxqf	
fwyztymqbkjhsnoxraol	
plpphnyakyjlwtzjrjjt	
cugwmdkdxpxgezvhwjjy	
fcptbywtgqrqthtkpzcl	
kxjkkeltljttwsbtffrf	
ebckjaxczoxuahjyhqzr	
eepomcojqmazdmzhpthh	
qcxhadvaxmgvjgyyonzc	
acetyxmsyxygffpqwtip	
hjctxxiflezcmtheldxe	
dlrwaypdnmprvjnnagci	
iywkjhvgqbqzdcezzttf	
tigyoagagzsotfifsxon	
ftkduwezrchslxasxptu	
qcxhadvaxmgvjgyyonzc	
scbmzookkhrkyxwtjgkv	
acetyxmsyxygffpqwtip	
topdngfqtvhzuxiuiqel	
dlxfhkdtkfnhgfghosuk	
slsrxajkwdrbzghlruuk	
ncfdilzuuojdyvjwtgjs	
tltavbgglqsfiguzwbdw	
scbmzookkhrkyxwtjgkv	
topdngfqtvhzuxiuiqel	
qxkwrnkttwoqloxpxybm	
czubsqzppcvaeuawhova	
fxhrdnsybksdhiwclpmy	
xzojbqemdxvmkrdvrimz	
lqutbwwcgvhlxmscdeil	
zlyxgtidxhwqyribezai	
wgcqsibuskukycqkumkj	
uqbtdmonkxcuumuyaxeq	
dlrwaypdnmprvjnnagci	
rglnhanyclebgdimsvsa	
xuwzzcnqtdzxhgofhpvo	
apgqjxreyxszdwnlzilb	
lzhitnhpmxkfgnjqtutw	
nrrqgvsislcyplxzehlh	
hxrjyuemmgqgzytvxhxr	
lqzhvpfmiislvdhnhgot	
lkcxpuxhgjxcufyrvyuu	
rglnhanyclebgdimsvsa	
inbjmhigpoxonahonmcz	
dwmegjgtogmapwthjyih	
rqbaotjourpvmyprwydi	
whwbzxuskvuchyqrapsz	
kbenkudeusqwhvnbuqfb	
umwnzqmbjmjnvcnctpgi	
zlfgfzmolprivwszmkqv	
wfxpdgnuircewiqkqupz	
lzksvkiqtdbiokiwkuiv	
euvwgxdjjhuidvudkwfb	
vgwdimzpcnbwascvqccj	
gcfogvoqvrmgibgqojxb	
xldhdiujjdimjadkqche	
rkfhyldfjgykypbmmsto	
owkxwvaxwkkksyhbgtyf	
zfsefkxqyisbptqsycfr	
gcfogvoqvrmgibgqojxb	
bebcpehxjkpjljmlkrux	
ghdlqchhmesmzugxufam	
hqdlsckhrbuzjdtkuiah	
jstzcxywdzmcocszlujg	
rhehfrbhnonvsgywaibq	
vhqcvirlkxldwhrlagwf	
ejmitafrkdrkzlswwkxu	
irkztxuazormqoevletx	
rjysjjowskgkteqzgjtk	
wchuxegxqijudgjdtbgn	
whxkmbagvegugetaqtsg	
iomvpldttqfaernkstii	
jmbjacziwackowlomzqb	
exmuwgtushlwruwekfal	
fnjqrbkfsldqbeunapjf	
fnjqrbkfsldqbeunapjf	
uqjghffhzrrvwpnkidxn	
inkgbvjsbhzcclltdjwd	
vqrjqdtqxnrherrovhib	
sssumkjrcnlwkjdrytjr	
dtvgzwltkkddhmwcicfd	
nexpgzzfemrhszapesrn	
imnffhbktwdugtyfnkqo	
thpdbxnbmoynlcsigxsc	
cksbcsvntypoumbellac	
rvwuycrsgxfsrauqhjyu	
khumdpncchppzzpvggze	
nlzdxfdhejkqajlhavsd	
afkmsajcsieqwovnqjja	
jbuidynpbioooidbjfti	
hosvcekuervvwvyvcsnn	
lkoksqdmoyjstcbutmhu	
wcjpxhswuzwadvrrlprh	
pswsqjxhgdlhxzgvfoix	
ljgxvypwgfmlixxhkfbx	
qavjjaatwaeqrdxyuezf	
khuyfslwiyidjwfejkwp	
uwrpcqcafikcgrgkfpws	
qavjjaatwaeqrdxyuezf	
jgytrcvxrgbbwycmeqgk	
jrqdzyejrzufadbmlpdm	
bsdamouzzoougkythasw	
pkoundaqpneqcjnqhgmz	
slwqlfnuxcluvpvvbvfc	
slwqlfnuxcluvpvvbvfc	
nlzdxfdhejkqajlhavsd	
cemsolzlswasrwtsvtqt	
vwhzlmhjmrwusqixeijj	
isxuemegzvstsrlubepv	
ksrtmbojkcvafcwxfqhu	
slwqlfnuxcluvpvvbvfc	
eoiowtckwbnwsomraawc	
cemsolzlswasrwtsvtqt	
yejbcsziengklkhxygql	
ltrmmwyleopihfoztaqu	
augspxotftmlfwqwuwgr	
tojtqiagzaxxsmrvlweq	
ilhaotkwidqbzwhvzvjn	
jqhppnybbgmognqrqkvb	
mknnyozwvkjodspfmrrz	
biloblhxzcuoxqoyxccg	
nwlivnwfzznzgqotjqml	
isxuemegzvstsrlubepv	
iaxcfatgokqwonarfyav	
pxtnmfdbqoxdsmektkiv	
dpsudsvjukyfzbzdztww	
gdxgjovdkfjgmhrwcgwq	
cnnpofpegzvrltglzexx	
qftvsqaeqvgdcikbbpfy	
bhoeulohrzbslifocoya	
vdijyopkedrzpgaggrjo	
ckumchcehipbqlxagaxm	
qowhizusvratgjjzaupd	
azimscoitwgtizjjgvan	
vvizbmlyxebbmznpgjjl	
jdhjditcwractqchuyhu	
ycrrepvffajbrayzrtwi	
egkbulxbftahoukefdvl	
tkxnjbxlhiirjdbfvtqt	
ewtehinbpzfyvwpkrfod	
kdhekdqsytearjtblimc	
hhzjdjonrwiucutcfoxm	
azimscoitwgtizjjgvan	
uoiziwtintddwynwxgpb	
ewtehinbpzfyvwpkrfod	
kshqxnugtrmkzgvyfyit	
nnihulubzuapbrqgvcqk	
vctxdvuvbpxsvczjgsuy	
xgnigvumxuchhpoiamly	
ctltcghxmokmhkvoscvn	
jrqdzyejrzufadbmlpdm	
vctxdvuvbpxsvczjgsuy	
ekiolhhrtkxzhktnvufg	
pshjgqyaoewudozrsjdd	
wsfbvpewqxuwhclzrbou	
sdxcsdkahacrpsnlddan	
amzvsygscxtuvvbcdqeg	
xpziecdnkbycgieychux	
wjhjzkgbkgofmracbqnq	
uwrpcqcafikcgrgkfpws	
qfkkhknrigeemyqsmqyh	
qftvsqaeqvgdcikbbpfy	
avjzzbwyvutclyvvaljw	
xavajtmjobacohusdbsx	
dkvrwgfyyaphuecgnlpj	
urkqjednfqfoycfizois	
qlnmkcgseunafnpbupmk	
hdfrnknvwcojdgjsqlal	
fwqhvlyhkjtfidyjutwn	
labydfjfxljkiesqczge	
lzwsljsfxxktxdnlldqj	
wcamgmnnbzcblfjjifay	
cvvwcmtoqwcqaqeqsqfi	
sjkibxnliuathgumuxdz	
deurppzhtakykbciilmu	
gyjpamlvfprfqqpxkylh	
aezwvpehuvgrpmwmcdbm	
ifxpwdoesvcvwzxddnrr	
twdqgxysfarkjtbfcsgb	
kbgwsbvzuurplpmqxnfj	
labydfjfxljkiesqczge	
lzwsljsfxxktxdnlldqj	
vaqpjpsxyzkkedezxdpz	
tbnygrkvuwfqemkrrbmq	
gnsvvpfeelbuxsexswbt	
uyuenungmvqdqiwflwyg	
xsytnjywwyzanrearkco	
wwvbzgtqvptkhadilemf	
gxqpwyggpmydslgixcka	
gewuyoektlvjzeajikjc	
snmcbdctegigtfqdnrpv	
nldotxpmyiwjrchqtxwy	
sjkibxnliuathgumuxdz	
ffezprazwmmfudglsqqg	
ifxpwdoesvcvwzxddnrr	
usqeueqiuxwwjhdgzzgz	
umudqibceielafvrrmfi	
cmitipzthcmomjeryxzo	
adtuaokxrahnglbdrucj	
zlhtczbgvjrvllvhictp	
wnvzcqfdpwzafniwocen	
ypfkdfwqvvvrhrxqqimr	
eigodegxpwcrzvyuzhso	
ggvuhgmnzcovwaoiqfhb	
rhdfimwntevextnwezlt	
krfgulvesoldudqolmtu	
jhtuebahxluytbcsjwwg	
ekwvsfbfhsxejuydkjls	
jtvfwmplawvyytzqaayj	
vtlwpahqjvqpwfaschkw	
kcsmzzrtwjjtjeufzgrz	
yricqvwyaxfzjggmlvgv	
wlqgmnwyebrtsgqpjdby	
uvumfgwvcvqzwkkjrtwy	
cvcdefuahswjracutodx	
wjfpxyljrpuildiewzus	
ximnhwgfouklrwupgjuh	
ygiafoducaszskefmdxm	
knwiccofgmphjzhqpqsx	
ahfxuakuniuvreljvijx	
uemyqahvvkwmouupivns	
tmbkhsnybernsinbsasx	
aeonuasorrqtbyxymmic	
yqthjxjvmrcvymxlwozb	
hwxhnadovrjpfzzodlhp	
agtachqlkrbnneqhfmxn	
kcsmzzrtwjjtjeufzgrz	
dcivzmzkcnzlcuupysxb	
mjkwzgzwpnrpxmiksqmm	
yszqpgiowrebmfggeqmp	
czwjqmkkkaoconstszph	
vtlwpahqjvqpwfaschkw	
szklgfoohhjmkdnfljib	
hwxhnadovrjpfzzodlhp	
aeonuasorrqtbyxymmic	
aeonuasorrqtbyxymmic	
aeonuasorrqtbyxymmic	
ekwvsfbfhsxejuydkjls	
yqthjxjvmrcvymxlwozb	
ggbbdtfgsslruwcidavf	
mlgpswlnpxyytffugnum	
zdsrivmtdydivfomtgdk	
rlmcgqaevvzkqoftuhru	
czwjqmkkkaoconstszph	
fzexddqewotytaacculo	
pzrszotbnwplnvfvwpic	
pzrszotbnwplnvfvwpic	
qubbxnjllacjqmjvquav	
veucsuffuugdrwomxrai	
klnfcblpllzlhzsjcdcf	
iehecvrrlsixerplkxre	
jzyilrcipcqzoigzoexw	
krtxwbrkpsyiqqimpbgd	
ttzpdqzsssjxtpchwond	
xhdunevnuuqyzfuhryon	
wsogbtgrcklmbkckccgj	
ilovksargssfvoncfkxh	
vwlxeehfwimpnvazucnm	
qxarobrissrhasicehba	
pxekujwzivhapwnnlbzt	
lljzmowbmfuocorpwjua	
vezhmtuffeqvikytgqyr	
meozaoltyojemvjcfwgv	
igvyywlznnmfcvdevuhy	
diganhootppzfqunlpms	
kucoqyfkvzhjfuyazkbb	
qgmyhhgjvudgqbpfosnj	
hpkvaelgczelnyhszcgu	
mtepwntcdkcphidjcmkl	
mtepwntcdkcphidjcmkl	
awjgitnulzkgludbdlgo	
zqkhwktpusenfwqxgbvc	
zifkpddwbppaokuufgah	
osfqocwqlopwbystrawn	
htlaejdbkxwhdnvswggw	
toguxvqttkseorvlzhdn	
mtepwntcdkcphidjcmkl	
tesedgxyuzffhgdghywe	
enschgvnphlcnshhsfhh	
hrjswxxfadtmzycejqqi	
lljzmowbmfuocorpwjua	
csfpggdidjakcglkasog	
jgfvpuxayduwdmacabih	
wsogbtgrcklmbkckccgj	
daozhlhelervdjthcshd	
yyondshqimvmcgnqmqip	
yczmsatbjdtawdixqpdo	
dorkqyywvqnnaavbtvhg	
yrehquexnmxjrdmhituj	
egnfuhyomnmlbzutcnxp	
gvrgmofowxzqxhiwaoct	
qmcjshxaxyvxwqmxiqbc	
bohukacvkbgzkseytlmq	
scugspjowozkmuhtiiiu	
ipqbgfyammffyliltels	
nezmbmrrlnbngowpwdvy	
msxtkvmqsbkngpxnrdra	
xibegidytxnwzuyisled	
qikwljbohfhtnoappgmq	
ttqkcvhrqeqfipbobjnk	
moywfstqsaxtioteaezn	
drtkefmiinmpvktsexgi	
bquzigmphcelwmcqsocj	
vcrjjodllpghidmnukiz	
eyzmnzhwsccihxedhwih	
erondvlbidxourhatktn	
gerqkrafashomzzadwum	
nyeipsreeshogrfvcyfx	
fkzvfrfkrgxogzxdemjt	
pqxxdpiqxbaujvfnbimz	
chknlmvemcemuezzzbgw	
ucvythspqgfpbxuewyku	
iehecvrrlsixerplkxre	
llzyrflinxrhgcxubzrw	
bhlkkmvptificzwqidgw	
dqhrvjlpfcdeazxcwgfh	
dqhrvjlpfcdeazxcwgfh	
nqzhykfjbbblsodfgpno	
klnfcblpllzlhzsjcdcf	
twxpcqwcvkmlbqjdwfig	
wljhpslvltrfordjmblb	
hovvpgccodytlejyunpo	
dqhrvjlpfcdeazxcwgfh	
vlpaoiozhayygcayfeew	
tbxidyaijnaqdqcagjrz	
oycuaqanbserlguiamco	
xxgqpnknkiwryfwefbtq	
zwyzlakapehvbbkmxhxt	
vbdneluqmimtcsupitsk	
wlqjvvuzczhdzqlhyqkh	
nvtcmglmlgwvtzdjfjfo	
njkywthxdnvclaqtheii	
gjyavfwbfruqsnedvdiz	
vwbpsauiyanzoqqhosux	
jrernayvpmebrmafhgjb	
iimfvexgezujhqnpzuoq	
tulgpyhxvoydqcwybliu	
orannisbphnndwisqkdp	
eedujyqwtttgctlbrbao	
dqoydvtvvsswwcjddbtj	
nksrplxigzpeljycmtjq	
nksrplxigzpeljycmtjq	
rjcpdmjtkowjlbljdxod	
nbxpfqzjhzjeqtmuspzz	
lqctolvnxqrfiyyjomzp	
lqctolvnxqrfiyyjomzp	
cvpckpfqioqxvkppsqne	
mvexrjyonqklhssyjfko	
ifseqmwqqurappypgvlb	
lsrumbarmjqjpzomywzb	
uohiexofnnxvevfcqhhj	
gjyavfwbfruqsnedvdiz	
kgkypbaaklkonlotfutx	
hgbfdbgvweuoocykvhfq	
sktjrzlqoryhaiiefppg	
pxncsjnfwjjlggzgnosm	
nvtcmglmlgwvtzdjfjfo	
aljfpibiarvavxldcitj	
nbxpfqzjhzjeqtmuspzz	
vlpaoiozhayygcayfeew	
qzcsbruiuugsfrjshtxi	
oycuaqanbserlguiamco	
ldtmjaqqzrvvwahqzfua	
vnjxvcmejdekrwkxljlf	
rpbukkxneerggbyuwhhz	
tpyoitsvtoqudexyuwui	
heucgnzrdjmzsehuonip	
yhjdrxyjkidyjdbrlrvm	
kvwgrbzrrvzjxnzkutph	
rpfutugkelarwnnqlijf	
exjjeqzlltcwlukytuso	
cekqpyiuiilbryioagmd	
tpmljzkwviverwmwcziu	
hiccbkghntmtdgtilmib	
xiwneyzwrphcxwdvqzci	
yiabulbtliizrbzzahrs	
rpfutugkelarwnnqlijf	
qrbehppqghcjmtktombx	
objptawdxpywwgvlyzwu	
objptawdxpywwgvlyzwu	
hnlzlawjycbvzygbgbth	
xgdcgpuwujrweuusiqae	
ektwpooowtpcyxaaaajd	
ajdmosekvjthtmnchnml	
spcatfiqzssqsczyrulz	
zuhcmprfgpiehxglmdnd	
yxsjvuwxbrbkyfspfewa	
cigwbzraltvngrwwqyyp	
pyhsolexrcvzmsgwigcx	
axudacjbfsrjybppunmd	
bpeinxwgnfllrjqoezie	
cqdbuyxrgeiwjslluoqh	
yjqwxhrgazeshfpzyjjl	
ajdmosekvjthtmnchnml	
spcatfiqzssqsczyrulz	
dzfnjwvfblfqsacqwdts	
kvwgrbzrrvzjxnzkutph	
ieptquvboxqkfpzpmhrz	
qxevtiedzlklnmnrguhj	
eidwngqmzwmtvotjcvwd	
egkujovxcmmhydwdwyis	
ieptquvboxqkfpzpmhrz	
jueuhqyhvkbsqqjtseaf	
pyhsolexrcvzmsgwigcx	
qnhkwgdjxibcimfexdsn	
emczwelnquidnfomoafz	
qhqpklakllpcobezweim	
ihqviiehgofpaenbhlpw	
tieiarxvnkvygnqjxwfc	
sijlcajcisapoxgyuunp	
zbdziveavhgktfzpabhq	
sdbgncejiessfvolqjnr	
lkjdgvoskuvtjxtkdxvg	
feegkgpcggyqsnmpiqsr	
zutmeaqfpoqbalfdfvvp	
qaywqjaxpoptipriihyg	
uvznbtgmeuxebfsgostr	
cybrtrhqkwsgonuzaltu	
zwkwlxurotbjcmveweeu	
ywcqqfijyyfnvlvyaqph	
ecwteigpdxrufcjkyopr	
ftftxsnsyqsmdtpjyvyl	
knpvngrdkahvuyxecrxq	
ihqviiehgofpaenbhlpw	
tbiamixeqzkeuwopcgse	
bdzmufqtzpebshefufwp	
bdzmufqtzpebshefufwp	
mfldgkutcoriznfciscb	
xpbnyrqprlgaxlenjryk	
rohzbquehnialyikylvq	
svgwqjikwjkjhzxcjibi	
juteeolawnveakatqzux	
sijlcajcisapoxgyuunp	
wlgqnqjfjgjewuenmxxf	
tbiamixeqzkeuwopcgse	
ckoptpywnuqeokffxgqf	
rkkcincahjklaaudiesi	
rkkcincahjklaaudiesi	
okrgfzehqbdhkblwtkeo	
ghfykzoncutbmmfkoyhs	
uvznbtgmeuxebfsgostr	
mtwestdxvlubxlultkfq	
mtwestdxvlubxlultkfq	
zkoeuimpvqfhusptvvlu	
evxaimwhvfuufimegocw	
pssuugcuafpzgicrqlfu	
endmuackmvwmejqlsmqj	
dwhwkizwfybggwugszaw	
xowmjtbagbfltymrdept	
iosiytjzqgnyjkjrmyky	
lwgulsamvcammkhuioyb	
kmknbtnyrzlcdixoayei	
huqfmxloieykjvpqjdem	
qqrbhpaswylutxzltfvt	
irxaohigpdacmwdinwop	
zsutxcuovcpttmuqntuo	
lecwmgxavczriokuzcxc	
bhuarddvmbunhscvwthu	
zbdziveavhgktfzpabhq	
pghuwnwuponjdogdqaot	
ixbgpsmktxgllfccadpp	
vejyazuwcuxyvtfifmpg	
hkvjlfgtzdkbamyfcgks	
pssuugcuafpzgicrqlfu	
ihqrthzgantktsgetdue	
jhnscvgpdkketrwhwfmh	
qkhpuxfxuqhgcouuakww	
jexeddkiafhkwqcwxbar	
ynrrumgydmwwabehgjdk	
cedinehschpqblescgmr	
oudembqyykeufzekuywi	
ermrrydnuqdxwjepxchy	
vdrksphwouxumpjeagws	
vpckenewobxgjhdhtzli	
fgvqeuedfuthcsefcsge	
jexeddkiafhkwqcwxbar	
xrthayusuuvhuvmyhlud	
ixbgpsmktxgllfccadpp	
mbtkvtppvpvpcwfmcvsl	
jpuxiiusiyjuaiyplcfw	
qamicrhngmhbqfjsijpm	
rymswsrgskwxpnmmgong	
dvafztuqfcvetlhsgrri	
ezraajuoquidxmwknxvi	
euazzamkgutyqrdpoflu	
yfyiocxykpvofsldclaf	
phyyhkuglbpngrsufswx	
nzjhrweawucwlbbtyjxk	
pzgjqdizrqohzbwnjday	
fgcfdwgzxswemiezrfvh	
sqewnrqmrmjhgiwxghgz	
ypptqknkzvsizphyyuei	
zavxpmlycvosxjyefzpj	
rrrwijqstsgfmaqbazbb	
xagcfxuykscefjsfpmpe	
tjucxbehoogmoceqmlsv	
xhsmsgmvzcmjesjuuxcb	
euazzamkgutyqrdpoflu	
szplyjgfeaoaqsljbdks	
rmkdzlbrokqrcraeclqv	
efzprzvwmhvkpwdocpmb	
ifbzqmxsfedesxjttdfx	
qjvnokkmjyzskksnrcwl	
pdzhjzkddaiewaegejki	
xagcfxuykscefjsfpmpe	
iupanabtqbyopmncdulc	
cxtefsnnjbwhgfoxaqal	
ymthxkwxwjqoofdmtfxt	
riwnmiwchwbtpqbmnphy	
cpmqewltawhdgwbliwvg	
mjzusdbucxjvqrhuulta	
rnpbvmguzlyhqkvhheql	
untadmcdjpoeaphaacsn	
mxnrzvtdqaybxeojqeyw	
runwyyvrgqgfxtcvfaxk	
msubzhfknfvftsaieaiy	
djtdsmpqjpbwxtbywssw	
zhqxzvrysalmbeqjaqfm	
mjbqkxittaftwyysdzfd	
xagcfxuykscefjsfpmpe	
lvtqzuqhlpvoujcujcuz	
ymdtnwkucfeohkzgdofs	
kvaawvwxfgcffetwspph	
lgijmetylrnscwyscblg	
dkscljvojenxfejaqblz	
hkttaxstgpvnwdxlsrgs	
xzydwonocnodxzsrqedd	
yywvjrwxugdxxkvfquuu	
gummcdjdjwikivyqpees	
srqnxeemdscadxrsjfws	
nlwcdbornxcpeqzhplam	
bbfczmefqzusymezrsyv	
qoyrnebswxdvcwgbppmz	
mdlbetdmmqscivwbbbgb	
lcnhcmjhmqhjslysgjzw	
ygopvfqhxarzxdgzwbdq	
dtxxocymcwgdmrpwggxo	
gyouobmzykfnrglyipvf	
wkbjsjbqraykaspcvdmi	
nlwcdbornxcpeqzhplam	
mfxkylzqlahneoxzkbfr	
qoyrnebswxdvcwgbppmz	
dfpisfixmrhdydefbmcx	
dqqvjsyqrmyeuuzkfdwv	
gktimikknyqngbinhwxt	
gbytrjkeyvxwlwdxkmzo	
tirbkbeddwvgnphykdix	
tfxfurrbfghedzrcfktu	
lgijmetylrnscwyscblg	
ygopvfqhxarzxdgzwbdq	
flxteolgdrnodxrtctnr	
ejvzhzvczsxhasupzhdg	
ejvzhzvczsxhasupzhdg	
ioxkunzmmkscmiqqsazv	
ohkgrptqbcavedzvnkmk	
pfwelxqfijjjokimsqsu	
ymwngktqladrwzdfoujh	
kpdsqxsmfzzfppaqbtbu	
dtxxocymcwgdmrpwggxo	
bscmwfvajtprpptkicgx	
ymdtnwkucfeohkzgdofs	
kvaawvwxfgcffetwspph	
lcnhcmjhmqhjslysgjzw	
icvmkhalryaugppfhxzx	
bjvxburiddqubsdpazul	
rrcgxitleisttxbaxfir	
eekytmpqvwgtrjbbfdfi	
ficlzmtgllywhkcvppwe	
mubgvqhczhxfwszrmpeo	
dyrwrfnvrdicbaihkzzo	
rwqlyutbuvunxczoggbn	
giisdshhlexgzmcsbhhw	
pkmaefaiztkwaumkpcov	
rkbvusavdwsbuwtsfyer	
zztjuihwjayvkqcdmhky	
rcytnkavkljljgcjqmyu	
imykhbeaxhhvfqqeyrdr	
fddkisnmlnwskctdejpe	
iqbwfatvvonttfzqbapq	
giisdshhlexgzmcsbhhw	
uxkcmxusbxzpywuufxba	
ybjyjsfdvmpqknadtyju	
ybjyjsfdvmpqknadtyju	
uaxbibxzcsvsujefjzju	
vliqzipfkqsnbrmnrqlb	
wlmubdlhllskqwkeiokx	
xfaxgtdwooocrlwdrfjl	
rqrwlzwpimikavngjgxn	
uxmeefnixaxianlihvty	
ympetnktyxsguasfbakq	
vbuzdyopvmmllvxekvfx	
ryuyiiyfxtajonwnsanj	
tvwvypbwhorvtoznxgfn	
ctusvqrwyohiyhyqabce	
uxkcmxusbxzpywuufxba	
ojkttceypjdnksvenkct	
gkdlmegoezxdmxtigbqj	
hnxdfzsrxcnomeszybku	
symdxwvowigdffqzieyd	
dyydugkbzrnxyjknzhqg	
ryuyiiyfxtajonwnsanj	
uxkcmxusbxzpywuufxba	
uxkcmxusbxzpywuufxba	
obvcesnnvgruwnagouih	
lceivbuebaffbdfuadzj	
rpzulmejqtkovgityuts	
ujlvtoxboqhattvvhstg	
oitjolmtrhevrxraxvtv	
ecgtaadotpceqalgopox	
hpykazwchxszktlkzvea	
nrazjtwnmzxzjnfwyede	
tmijrqdpxfzvaepjsciq	
tfqstvgoaatjwterudvs	
ujlvtoxboqhattvvhstg	
urowbzeqhdzflswsjcrn	
lobyyphfkcygbakpixkc	
toygohsanqmoxdotjugb	
ltkhwmeyvvdwizksiviz	
xgfiaatzmxtofksgrcij	
lurfkemspekidtfcdqwn	
azcsltrhdrpdcjnelycl	
urowbzeqhdzflswsjcrn	
kcmyucfhvayrhuptxhxz	
akupxqqprmfyudebyvnq	
gyczpalnsxyxtebeflgu	
uzbugiskonbmpjpaxapa	
sxvhmbolvopdwlwwyqev	
rusjhsxydxyavkwdtfab	
tdyuirjmwepganqiraph	
bwjvkwhkrklcgmktqspv	
gwuagcfjvitqwueizvxa	
mpignsgjnkbvuzahiywy	
ulwnnfdwmufhiufykqah	
ulwnnfdwmufhiufykqah	
tdyuirjmwepganqiraph	
eiutnyxccizfcaefapos	
oqtudhnqbfaoarzpzfms	
szpgvthnbqypyxaethmb	
ckzeybgfdvzpamqyrnlo	
tmijrqdpxfzvaepjsciq	
tfqstvgoaatjwterudvs	
mgwiedjhzutdnpedfxsm	
ijlclyabavicsrnavtou	
ziprlljuaxddjwmsdmaj	
mbeafohzyiihdegweihn	
hkplenojqmbymhduwtya	
tgtvzvehvxukprnhzzno	
vaxikzwahxiwjsezyjhs	
blzatlmtjzbkhlhalzuz	
gzisozdsszpcykztqwxj	
ywtovfjelcdjjrprnrjn	
ubmmitmdiufzehtbrcmv	
ijxfqvlizydtdetscswl	
rnrurzxiykszidxppepz	
olvdktiuntpfxtjxojye	
dqsuqntxiomdojlnjwlu	
zvkjxljckwanhrcnpwyz	
zdetgzxbxgxlgscrqfmb	
zdetgzxbxgxlgscrqfmb	
zijlbejpymrtnvlfumdp	
hngicnecobveammgvwcv	
ocjfhaoyhnzhjrmyfllu	
kguqjsavzrxfxbijiqcj	
wxamwytpgkrebefrjkdd	
ubmmitmdiufzehtbrcmv	
cprunmbtohbeznmxbmqk	
giyzglblrmccgqtiuhyt	
qawaotqeoudmbfdyerby	
axajztbkidhrlberpoxm	
irvtugeloiaqiotttzst	
ddicxigtcjosxrmfgczl	
koqtizssyobweqtizuyx	
ckfvdeywgappmpguqedl	
evnxnfjmsyywdbwmcwdf	
thqftcvzoulunzwdmomv	
olvdktiuntpfxtjxojye	
kasvisymqisqmtnazmol	
nqxprhxyiretxzwbepso	
hkplenojqmbymhduwtya	
websagwmrcgrfdcdiurp	
zutroonqnorhcbbudjgd	
ckfvdeywgappmpguqedl	
iayqimxcpjyrcnelfwrk	
eypegwlogrltwmkypukv	
iywancavoejbzrzqadph	
uapxakoisywqqufgoewl	
lfqdhrkmjnezfkogfhaf	
uxfrnmnghmfopyzpsdum	
cbxldbcgvpspmiycjuma	
xyilfevuernfbzudweat	
jfgxalaaouztduesnipk	
xlrmneniwzioqqsjxdrx	
kakdmxxxdzhirsqcopja	
tsiupyoctrnvyospymjf	
sjwvzcnfoznolwqbukxz	
heeksxkqgpnwcykocsvd	
yutsyggynxpauttaarti	
nxezbohmtyrknrnrnkkw	
tsfwtxibeuessewvfahn	
rswinlvljigbrzyalqmv	
xhxzdugrsadtsmjupffm	
hnuqmmrsloyzouztbbdz	
lwbadkzfasdatribvdql	
afmelvdstorvtcaduobr	
qcnyzalbwqrarmauigxv	
gardvjpxjbdczhsqcmyb	
yxrtbptmauntqnudqakq	
jexguimqjhyasgxeapie	
dzixckaefvrhutspxyvz	
wylabbncujfjjmdkeemu	
ohncotpjrmumgerubhsx	
ducsrrhfncyizzrdyjkn	
xcktvbmfjvlkfphjiddl	
gzpyixmhhmggalovlftm	
gipsaydtuqoltmufrxyl	
lovohwcrehiohmshqjtv	
lovohwcrehiohmshqjtv	
gipsaydtuqoltmufrxyl	
vpxboptphnetqhmtqphl	
cqcioagxcsolepsodimw	
akksysrrjaqbxechvymr	
ymlvzmqpbkwtulneqvvc	
todjdwlmloyfbgxwkyul	
uudzycttqtdttnxkdluu	
ghennctiudmzajumvmun	
gwzhzziqnubcbmunlerr	
fgiyhyshhibjmnagvtjk	
bzwyvladthwselaqjnkc	
ddpgygmkszdthoyqbqca	
nafrvgtwoehipmtjplrd	
mnpmvsjkzhbdbiykbqdm	
xdduqukkdguyyhatefyw	
lwaqgznctawtsvcegbyq	
jdyoktakgzojzxpnxkln	
jdyoktakgzojzxpnxkln	
fqtsedzvwsstllyojhfr	
ijzpbxmnnknlvcjglpey	
tyntpzxqtsydgcntzjmf	
lcncitkusahmccehzjvu	
hbrmztcwyvenqtkoalhv	
todjdwlmloyfbgxwkyul	
ybcfumkmsrjfgrxefgiv	
mbzqcsxngcxsgotkkanz	
rckyhbqoiouuoqqxikjp	
mhatqrmfdcjftpllupta	
eikewhbzjgbbslsajowb	
ujsxqwvlnidvgedzduqz	
ceqakmrdmawnswgotxht	
mnpmvsjkzhbdbiykbqdm	
jejmrieprmgpzonoilga	
gxggdoprqpubbtkqcezv	
mqpospeksyqaouslrojy	
mhatqrmfdcjftpllupta	
ciamdtkezreeecvbkywm	
yxgrpikazwfnjvvssyxw	
njaqunztnqioeqkzwqbt	
jlbdhskniupdxbbgoxxk	
gmetgcsqpmzzhqwbswua	
jzsggyqsvfqkcdlsyxyo	
jzsggyqsvfqkcdlsyxyo	
hbovuredxvuzssrmgbza	
kxlzcbfooqcyvtluhkwq	
rmrozwaeeskcozudrsgt	
cbcjloamfvjyyhjaoigw	
wntlmjpqtdzhrajlkpya	
xeqrktyabycgyycljefu	
uwuqimpndqjdzzjihlvy	
dtvwgckymincpvfhkqgb	
bqrdcghxxsvdbifmxayj	
uqnlvezyrlflxvplybzr	
rmnrgdwtvoreqkxknqnf	
jibdyuhujcrulsgcwqzx	
xcfgyjhkmdemouuvmfjd	
rmrozwaeeskcozudrsgt	
wtgrruvsdbchtobmjmsm	
iinpzwljsgakvjjpkuay	
ebtvtjwqjdocfdyvlucc	
jzscwjippelsodoszscg	
awsyjqubmyyknmravche	
ognajczizqejzoviazvd	
ivvwiawkjomkihivrsba	
hxspueumchhhilkecpll	
pumlnxjhkveurgkbdnzx	
rmnrgdwtvoreqkxknqnf	
jibdyuhujcrulsgcwqzx	
tivgsqllkubsysazmbig	
yfxsvhbvliiobivsijtz	
fccsfchaepdmpcolzsho	
fivckrhqkmjlalpxpjtu	
wbpflcqwfrnrsnzycqzr	
dgcavyzjgjykerplcguw	
huziidrbpshldhmtcvtm	
syzwglhrdwiukiyjaqot	
osaiazvmpuhwrcfpjufc	
yeimgxrrybbifhosnlyi	
wplvleovkrrgdriwxmnl	
ijftqxbtqjzvvalunhgw	
xkhjewqcfzlecpvckpwq	
ijopavhykbvopjmyloze	
rduvoqcdogygmqmvfway	
wbpflcqwfrnrsnzycqzr	
avcqevtwiqqbjnuixrjb	
poithqxwgpetkwgwiyea	
wbbsdoyojjjhppmgyudj	
ybacljqqvqbyyiwjqwfx	
ncibdngggmiyrljngobj	
jncoqqmoxievadawcqgz	
gmompmhsjxaniwurfrbu	
dzlmjazemnjzchkuflgv	
ufnolmexfrocpptmwjen	
ynthfnlkhztphhpgazqs	
urzfmxblwufhlghagjev	
nwbvqkzwyrgtfjnjvvmf	
ecrweskfoanaynrxjakf	
imxcttkmiyxkunblsneb	
rowzkfxpovmwuksokdnk	
tqhvdlmkvzvdyasxpjlc	
jncoqqmoxievadawcqgz	
armgxegxlsvibecwfzpk	
yebosbgzdwauagstlyzh	
poqckiosrpemljszmyfa	
vhfxvqleutvvuilkbbqs	
mbbxdjtyemejfyibcysf	
hopvacxhafexvsmajbpt	
wzuyzlfitweuxpqyknqn	
ldgbbrybdvobanwxwtww	
picciioijlzofuwncfkc	
vhfxvqleutvvuilkbbqs	
kqfqmojhxvggxcjkmrza	
hopvacxhafexvsmajbpt	
obknmcgexfscnejdgdpw	
pxfepqiihaqrwqsgciex	
toeufgnwkltuoefsgfia	
oafnhbpimwylawwzpjuw	
ddadwofqutfuzdfxdusk	
lceelnzdxnwydoxavkcv	
bxcnyjobstvimuujnbel	
ecrweskfoanaynrxjakf	
vhfxvqleutvvuilkbbqs	
govnbznkwcfhhebuxugs	
zbpwlmmowsgouiqkdlrg	
iozwtxhhcysxwupnvifa	
verldwvhhlnobegdgadq	
ndczgafxpnaywxuajahx	
ypuszeouefzzgzwzbshs	
yzmstonlunekfwhshfpv	
zcyergmlmpkikrdsdbol	
afoltqrepredgriryigz	
yxwsbxcrairikxskubkx	
ikkpxqyipluptkyndomg	
nxftlcngbjgzqhwjnkwo	
hjebjkawiyoienfbwkcu	
fdqoqqlqukxbjbwnovzx	
jsfhirrnfiboyafzcvdx	
lvhtddfuzuxxfcfkgscw	
foqgkhemcujxoinvpqrj	
hhfzfhrfaucdpkfkmcic	
wbwsvbtqjbytkmzmxseo	
pxqwzytqynylltpnzopx	
jfzficoqnbzzvunstffs	
npirelhkixxzekmvclpx	
yqtnpobxmoudvkzeexda	
provioecwjzybparlnya	
lvhtddfuzuxxfcfkgscw	
iwrbtnohapnbeplnbwwj	
pxqwzytqynylltpnzopx	
pbfolduywpqnkdwnvwxn	
phaanxjbtvumimhywbzd	
nxftlcngbjgzqhwjnkwo	
ldvpsaarojrosidalswl	
npirelhkixxzekmvclpx	
pmpufgipvpvgzzovznch	
oijzswzbukykwamhejkg	
ocyfsmzxoblfkccvsuag	
rpqhqrrthsjpxurcqfwg	
hotkdzvjplfpvbkufrmp	
ccckulowvgnngeyqkuyp	
bnniixlipozqyqxrrehn	
deljmnqemwpcmusbotnj	
qdepzixcdtmdyqgqsdyr	
rbpdbwyxiljvfggjzwrz	
udnihmrlwdhkhlhasiwp	
wkbytshdzwqpcqiirnhz	
itsqxxeqssroyefldfkj	
wkbytshdzwqpcqiirnhz	
xfuycbphuziagukbexcy	
rnytrqhbgjddvaycfvjd	
ikdnsaufeubhtkljsxrb	
vizcgjlmhionuhgykuhl	
uhublfxudbxnhsbpfarb	
stycdorsenfhglzywuzk	
qhlavgodryvqaomlfepx	
hxucsaaipkiskqynujho	
ekwzfvrcvprxmbhzbuiq	
sdbdkybwkrlpoqjromnw	
uhrgdzofctbognhovlfc	
wfodlgrhrrmnszwotbxf	
xfniktjsvclntroigwow	
ogejztpygesmzmxdtsgo	
amungsymzgsogimtgarj	
awaoqydlnqcpfqhofppf	
zvegkivwxefaftqasbra	
ltfbsridalttcvutkumn	
cqhjjydwroezftvtgwwi	
sgtrccplvuhvypaurjxd	
nlewpqmroblwimrlgcgb	
pqeewfthdudaewadxvwg	
jjlufjmkgvsgqatpdjzn	
anxxdnpuuzqzfvuvftav	
viubausjngrirajkkmqs	
qhlavgodryvqaomlfepx	
metiafrrgnupfkobbdss	
vyhpfhaykvozldbgnkpf	
vizcgjlmhionuhgykuhl	
nblubpowhixhmtxjajvf	
lpwzdfenilmgorienmoo	
dhheixofautktrjryeql	
ibmokobbjqkzqordfwyr	
merkodbpmbfxasfakokr	
tqevggpexywhcwpmarsq	
zktcdgldzgduywbutmhd	
hkevmepmdjvqknymnqti	
vlktprtoeqvtcjmtspof	
adzuqdttrjnqgaluyixf	
dllxtaydpnvlpornwrxe	
rwzyggsddqcvhmemcgdb	
apacsstfbyoliufcdcdo	
tqevggpexywhcwpmarsq	
kkmqluzkgynbjuexzhfu	
hkevmepmdjvqknymnqti	
kysrfxjlxhufrirrhmpg	
kkmqluzkgynbjuexzhfu	
