Employees.eid  Employees.ename  Employees.salary  Certified.eid  Certified.aid  
2086	ziztdepvviykygxbigav	6929	2086	13452	
7393	tbyqfgezqiqkcsexobsv	7096	7393	10820	
8268	tfaevdywrbmchbowpgop	6708	8268	5835	
6100	hjkywdvntbmkgdoelwyo	1391	6100	1383	
4673	mvgjzghqdehsyzcsqbxy	5150	4673	7737	
9376	nnulvqrfjltjcclgwptf	8030	9376	9834	
11025	hwzmszyziztsuusnstig	2571	11025	7176	
4673	mvgjzghqdehsyzcsqbxy	5150	4673	6224	
12598	sloepiriiihmmgnnbvrg	5687	12598	6172	
2614	niwwbaehsrpogbrfatpp	4678	2614	127	
5450	udxohzvwjnywvzruizml	8082	5450	13210	
13382	rvrmzftkwjlgbwdsippq	1135	13382	3189	
11025	hwzmszyziztsuusnstig	2571	11025	10474	
459	gbukhbkiiehfmfaychik	7175	459	6754	
641	vgofdflfjrqcoeirwvoo	4768	641	6172	
7390	skhhrqkunwuyqwqvcvjq	946	7390	765	
9987	qwchttowausqkdgypmqk	2675	9987	10340	
12095	pcafmjahzjpauypewgps	3946	12095	6186	
10630	wsuiejvvgjvsglrckmwo	4142	10630	1854	
1444	pfcokzxjqymqokrixdvp	1365	1444	3556	
6033	irggugjsavwhojaclxsl	2637	6033	7920	
10231	aqefkawrjqkgksajrjtm	5042	10231	4916	
9325	gyzgpkewfpxjjqqvgbys	3980	9325	12086	
2873	llmoajwviyddnbqurpnc	4455	2873	1643	
10213	jglildswrutvczpgawrz	343	10213	1176	
2211	yogcdzgmfidjnhteoqne	3204	2211	5786	
8902	bwehytzpdyznvywxjjiu	3764	8902	4307	
2729	jrwwvcsumwbznoipgnaq	3730	2729	1982	
9722	kalharjkmreemfylqrie	9704	9722	7063	
7318	aqxmpgazsnsuvmacjegq	6637	7318	6300	
2181	eeubojjzmdcdgowulnvm	8898	2181	1413	
14486	kekpntucatgxxarlzghj	3389	14486	7719	
5900	ceqrmsjfejexqwbbmuph	5280	5900	7546	
1870	wpjoukjcidutioqiyfsx	4939	1870	12121	
10337	qjwzccmdnlropeerebty	3598	10337	6199	
1960	mamqollaoqrllmwfroti	933	1960	10057	
2157	pbfnrnimqxunjyawsdtt	6406	2157	2277	
4977	pubfohbaxxangntgkzpm	7943	4977	948	
8036	ufxkotsnqysfpemxmzca	2094	8036	10	
13936	zdczjbbbqlzcknqsuqmk	4815	13936	14534	
7612	fmxcenxmseiojdxqeofa	4007	7612	109	
5055	nmkqvtygmqufnkgzugro	8248	5055	11709	
10804	zlpiwbphqtpobzphhfhp	4949	10804	4809	
10931	nabrjsadouqyesgsekih	1543	10931	13482	
7421	yejtsmmwwdpwihkzifkz	827	7421	7982	
1457	awfmkqnwylcrifxpfmzx	7209	1457	3744	
2245	mopgicvomtrnkiabpenb	4732	2245	4542	
11310	qkbvfixqxmbeoybrhzzz	8775	11310	7529	
5818	uyzjwcpwqwiththlfxov	379	5818	12072	
3600	bncpyzkjauhanjiutquh	3966	3600	6437	
12683	bfrqhxcmpjjpnhoulojj	1384	12683	7422	
14763	wxbazuynxtoheateblkw	8459	14763	13071	
10233	xvzbwugwvwsayhptvlah	408	10233	11967	
11839	tgkubevchfcvdpsoyivb	5023	11839	3688	
11651	vhdagknmxmeshrjbojqf	1619	11651	2947	
5123	ancjcomxcftyfmhiruna	8599	5123	11558	
7159	hhbrmmhbzilrrekwuova	4333	7159	12451	
6361	lqedmvonjmrtlqacucls	8903	6361	7491	
6815	xnqqqfadfkrtavauymyp	3534	6815	1673	
11651	vhdagknmxmeshrjbojqf	1619	11651	14626	
1992	ornrulthnyuwgujjbeem	9173	1992	5275	
12718	rkfisjbkqnqemirihhsv	7306	12718	6887	
4559	cpenfduzwrqlwhknfmce	9750	4559	6184	
4395	lmqapwzbuxdhvjxqihbf	4432	4395	11042	
8497	nbyivhabyycxyxihqizk	205	8497	8935	
6025	muyjplqrwyjwvzndkxry	3428	6025	10595	
9729	vrcjotkmaiuxdogifels	3129	9729	9632	
1357	fylurkxinsxscajfcvlr	793	1357	11255	
7363	maxugdxdycdavbghsyti	806	7363	12989	
8409	jbnwsdnwphfirbuqqecp	6721	8409	13207	
12133	qivdpwjxyqhtdxoftfrb	9869	12133	7959	
8415	qfyngzggogqzlyjuaoka	4315	8415	13960	
542	mevlrppsbmapsjefkakz	3924	542	12241	
11719	cfiljfejanceeizmkjcd	6157	11719	4911	
10606	ltyeeqjkebrlzkjffqbl	3262	10606	14624	
6001	vgavqveyrzqgtvmtnewc	284	6001	14640	
362	piobrxjzwltnksgbtgto	9818	362	2974	
10948	cqhxswmywqgagmdjyphd	781	10948	7510	
12031	quouggrldzyqpmxolade	7578	12031	3912	
2023	yhjxwvaoyfwpyiygxltx	396	2023	2715	
8994	cnceoeweygelfmbbrokp	3302	8994	11726	
14961	kifqrcswhzsdrmezrzkw	3055	14961	2938	
11209	zbcurarvczuuroewzbnr	1444	11209	12901	
8118	zpqfgqjsmzpcipaiudhz	6423	8118	5448	
7413	cbtkczmhkcccqppuphbm	3870	7413	726	
300	edjiqkmkwjfxsbchhwkw	8114	300	12029	
2791	fybpuhwtougfkwldxnoa	7656	2791	6751	
2243	picwvsvdbsmvdlludswb	667	2243	7315	
5923	tqilbjtzqsyvtrcggxrf	6441	5923	6411	
2480	rympiinxxgoqkkgmdyhr	3768	2480	11810	
5015	gztfcxsugpbnwxnxvqvq	7652	5015	8167	
758	qnzozlvczpativkyhsgg	8741	758	13392	
3122	jpzdvhubuzjjayqzjiug	9212	3122	6224	
504	xxauswwwrccvtupvrjsz	5587	504	6924	
14275	qcrtrftvxeqxdnyrupdh	9089	14275	3782	
7174	owektwiyopeeezhwfmhi	5472	7174	926	
241	faseoceplmvwbyoevpfq	8971	241	11512	
9099	kzoyjmkpkalwmuwtmubu	1478	9099	6373	
7450	euzcsrgzhjvaunguwuza	6134	7450	5603	
4310	swzkqrhngbclygyyjsmg	9184	4310	11317	
4836	pkfagpoynbythsrwdlpa	883	4836	302	
4324	cuyvuegvumnsetgjzdjw	2711	4324	3244	
6837	butfsywmszbwndwxbavd	909	6837	9843	
12832	tvyexafsnzlpszvfcnkh	9316	12832	4433	
3033	eambyehkiwabpbtgxxzj	1345	3033	10514	
3871	nnltvhjwulleslfxidoj	9218	3871	130	
3036	ahndhthcuomgdcipxdvm	2449	3036	9316	
13184	lfbbqeavrhovawgghfak	4845	13184	7017	
8300	lolylrgptuhczautrjbf	2808	8300	14801	
10500	tuaplipdktekwpnjqisx	3976	10500	4346	
3036	ahndhthcuomgdcipxdvm	2449	3036	131	
10882	vlyzabshzdkfvkxicheg	2671	10882	10729	
10858	agwuixauifzsmajvkigf	464	10858	2966	
936	arobsooapgudkzyhlmut	818	936	5588	
7824	jtsriqfoseebsfukoklp	1144	7824	10867	
6898	gtxgnjxjjnrxefuoedwq	376	6898	14897	
12867	rpwunxctvxogjutlnptf	8179	12867	9798	
4923	ihziuncqcuprqlntpzsj	1873	4923	1907	
11915	lcdlyladzjoqdnxbklsd	3843	11915	3243	
6495	vwwiiirdcsbolwwyhzil	7193	6495	7436	
6229	ebqncjvogojdtfojtrtn	2586	6229	12066	
11103	tungncpfslrredojfxbr	237	11103	6675	
414	pvkupnxphhucoygysfez	3263	414	6954	
4029	honueumlpwmvamvoexmd	7105	4029	513	
7809	aricxawzulvczuldpzcm	5401	7809	13826	
6042	unysffdnimlximnunrua	9532	6042	13170	
7899	pjdxhzdeucwvxrudpfao	7211	7899	13286	
4961	zjtvpaeinffscsxtvxoa	637	4961	13913	
13457	jngpfycnukfhwyfbkibu	8209	13457	3190	
414	pvkupnxphhucoygysfez	3263	414	1617	
8379	ubtedwwhzzwpcmrbsdzb	9404	8379	5828	
10600	fpmyemculcytulerfwxw	3700	10600	12428	
1204	zfadmejkscrsdrezsuqz	1661	1204	10211	
13499	btqwyexotmwerkyfaexv	9439	13499	6900	
4530	kbzeycdlulubxzmobaio	4745	4530	3710	
10536	hnpwyypetpsayrbzqbbu	8463	10536	7092	
9733	bikvajlydnyvwowjalvh	5862	9733	6912	
6177	uejpjlfdjanlbigjbpfm	2484	6177	3863	
10574	uonbcatkxgxfcbjdrltd	1242	10574	1199	
10574	uonbcatkxgxfcbjdrltd	1242	10574	8189	
12802	narznbvkrcftfhvxoomf	9647	12802	8780	
11857	pnypiaqunxntyigavysi	7651	11857	1719	
7568	uzfxbgppfuvwpipnsfos	8894	7568	3528	
6004	tbphbqlnymodndthxdwy	9161	6004	7795	
7009	rlfplbahdiwarzbkmrdl	5077	7009	5941	
715	vctjialuljhutpxjgrvd	6591	715	8533	
10574	uonbcatkxgxfcbjdrltd	1242	10574	4376	
9268	sxzvnzpqtgfygnycuthx	2734	9268	7416	
1452	bwmbngdwjzmwuzevsjxh	3250	1452	1407	
3327	cpjcbughoexqmatkcmty	119	3327	12443	
5919	msmrqqrhmnrciipolsoz	4249	5919	10717	
8102	tqfnxktxjqqkscpcqqzs	5662	8102	8218	
3689	cizrezffipeqvuarwltn	5163	3689	1307	
13567	nbwjoebupsuixmwlmzbb	9869	13567	4160	
7691	kukfmqhcroumjfjgkhni	3481	7691	10322	
104	xdtmqczjfxbhylzfdaet	8488	104	7402	
7555	wrmqpvlbwmjeslogetiy	5096	7555	4827	
3491	ltvamjzzswmtruoiyglq	7674	3491	14706	
12541	ohvdnwxdgqawojsfjwbg	4226	12541	6699	
465	ebniuadvsritqzeneowl	7983	465	2227	
14140	texjewsnkszywpchxptn	5119	14140	6064	
5073	pwspzovzfucxgrvwemll	4603	5073	10431	
9040	pbueoehbahzkyofrpixq	2847	9040	1922	
2935	wwntfpfynteducjhfril	2478	2935	9033	
4677	hslssurarsitpgxkmtcf	6920	4677	990	
3892	vdkqktmjvxmphlnmbvyv	1129	3892	4618	
8710	znjikyueskxwbyhvahxv	5401	8710	1890	
2542	eaprarxwxuklblhkbbyx	2461	2542	13686	
11908	esihbivlzmewqtyeiwzr	2523	11908	815	
739	otnnxdaeybhbokogzmlx	7290	739	4005	
1372	ocudilxdstozbzqehnra	8026	1372	10241	
3180	lxzqqrzigfojqfzuamfx	4202	3180	5584	
8829	tuxksovwqxpvzhtfxgsk	6009	8829	7692	
4716	zlpikoswtlqudoxfdcsb	6634	4716	3911	
9670	klvimuckfdkrbjbapmqv	9767	9670	13798	
1620	egepdzsxkbvvshiyyhib	4806	1620	4794	
5947	lbljqrvdwirybcyabpdc	9376	5947	12748	
5756	ktnonwtelwwuqtfuounc	1944	5756	3522	
2956	mwfdonnbmrkjsvmftqyb	7458	2956	6967	
14704	lfxnsvigcwykyunbcwop	2669	14704	825	
10999	pmiwbbjnmpyqrzyrprzu	6589	10999	5038	
1986	lnjjrrifmogeeajiqygj	9764	1986	12160	
14980	yjpchoqqkbpwdpzhdkat	8804	14980	8113	
10433	drnjbuvhchsawyueslng	9678	10433	2410	
14704	lfxnsvigcwykyunbcwop	2669	14704	5091	
13252	mlpmtcomfzuazjceswag	3734	13252	1974	
6553	nczqlusilrigppglmsvx	5529	6553	8328	
13882	vtjxcvxbhzeoiorzcxjw	8873	13882	5939	
8615	dnwwobfwoxwqqidicwwl	3855	8615	10385	
7728	djdjpvxcpzbkavykyixb	9581	7728	4070	
11764	lgdkqlhebbyetvpcekdt	1704	11764	3707	
12445	vkpegkvqhvnwkanpzoai	3254	12445	7932	
7201	pgszasajynnubqowguad	4868	7201	8289	
7728	djdjpvxcpzbkavykyixb	9581	7728	5757	
6670	aeuwxalbqqcvicvhwznh	148	6670	4146	
5722	kqmuxyzlqdrmsecpsiqd	6917	5722	2808	
10039	appbxpcymvdesbgcmwoa	7441	10039	7626	
1236	uyfmqbjzsdxidqxfjazw	2371	1236	11696	
5316	dzcukakeoxgkiikxfyqy	1808	5316	12870	
12115	uybfjzujdqgurfindvhj	1091	12115	7854	
7687	wumwpxpmbufwotscxpmo	7280	7687	6644	
48	dokhjipyclgufwcdoiyt	1839	48	644	
13462	yxdvnspwzcerlwosxdwk	8218	13462	4557	
14456	xpwdjaoykcjwlkyktlej	5513	14456	14130	
4662	ntwpycllriacpnwgmcow	7079	4662	5740	
1458	ggnfbsajvxbvpucodbag	8261	1458	12188	
10023	lltyhnccfcmlgbwwvesc	6328	10023	13920	
6254	mbfjzkixkrtyjfjmjrbv	1974	6254	3371	
1485	fvzxhtrkfsskpwdowmwl	1673	1485	7776	
9654	prgjwlgpuzzdoeapbdcq	6581	9654	8539	
6733	frftbuitbwehjpmmpevs	452	6733	10078	
7927	pxfnanozuagqqxqmzyvp	1239	7927	11464	
1739	zglfvgadrjntbogbmfbs	1627	1739	13484	
2785	foutbhanovbnzlnhcksu	9286	2785	7845	
521	ycgnpolvytlqhajttqqp	5568	521	8771	
11873	lzgvyuxkjdeamnxlclkt	6582	11873	12567	
11997	cqompysfifqyhxznrizk	3334	11997	10564	
13872	wemhkrvpdrvingtarknq	3883	13872	12722	
7927	pxfnanozuagqqxqmzyvp	1239	7927	10332	
4896	lkaasechglcnqbcxvrlt	4518	4896	10962	
147	yjsxxgfsgvfwflisgcbx	6909	147	11134	
13322	flaghqhwvwaxtmckfqsy	8935	13322	14024	
1264	wwsdoprjwcxolpxnkcoq	2629	1264	11858	
5108	nhubdrotwjxzpbwxqigd	6632	5108	482	
13199	vpgrgknvponpnjcedxxr	7309	13199	10246	
233	kgxzyoesjlelczeqxqyq	7939	233	11895	
971	zqipfedcatzbsheroqra	1679	971	11260	
5390	wehfgxioorucwddxvtnz	6593	5390	3624	
9215	reqmaqvbsphkndpvpnkb	2897	9215	9244	
7535	omxsiamvrhcattppuojn	6504	7535	9386	
13346	uqekfavebtvowozmpjqi	3567	13346	13876	
13862	thmkusilnededdvpvijb	6192	13862	6234	
4480	ijlpabynogtkcudotvpb	8831	4480	4640	
839	myujdzzutlihkjtmnuzm	7140	839	13524	
6835	uanybopbhbdrdlrudrfh	3432	6835	14707	
12707	lecycionlbhdvzvnyfra	9484	12707	13330	
5904	cvrplmrxfimfxnuddxsu	6778	5904	14616	
5386	oshdszdqkwicccedvcrg	3523	5386	12154	
8873	wjxmwffhvxycntifznlv	7331	8873	7544	
13502	fotkxvfvfdnhcecjaznv	4633	13502	5071	
600	bcammxaijrzhwcprunaw	6672	600	7371	
7384	xnurcpysbsiufqolualq	9776	7384	1	
11778	rnxjpejvvqemtznxzsek	5949	11778	3660	
2292	wsdhqpgfivzdgttmeumd	9408	2292	14223	
4649	xldtwpuiyoskmvqeftts	7059	4649	7779	
11002	txsemlwbodpufwfpkjil	2211	11002	14348	
5104	cywxjyzlxhvybarmajio	2847	5104	14967	
4855	rzbzbzmgsddcgznnoacm	7184	4855	4110	
11976	poehhqvdwnqxhwhljhvt	2819	11976	7999	
7890	qopnqfzchfgfhvincuop	9193	7890	3566	
10786	wmyzjcppqkirhpzlcylm	3758	10786	14837	
8492	hnapbjdsbzkljlpfvjyi	1413	8492	14725	
5610	lmfhokwzvvxduoiwtkch	6516	5610	1192	
5945	dvwtykpmkvgxsgutqpfg	3872	5945	5840	
5982	lqfnejvcvnednlsxuort	6220	5982	13260	
2839	whjbtolkfkvhgdsbsajm	8592	2839	12053	
8845	vqvrdhabvocrfnujuuxt	168	8845	9615	
11311	qnkcpxryjgvqolwmunye	5624	11311	5918	
5660	ajkbrxvawaoaqxsmrilu	9310	5660	11972	
5921	thlemcuxzpxqxxwfrvwo	9894	5921	3523	
12694	nueamtahaxkhjbneynfr	3319	12694	2058	
11122	mgjagwlopfwgdngldzmo	1055	11122	2981	
12247	khqtlgjwrizylxfgxoix	7149	12247	3031	
2641	wyjwvbjjzixsjulwpezr	7908	2641	5053	
824	dxhxnasnkcmbcffpjlpb	5982	824	3580	
6820	zrgddosqtzdcijlgolyj	4722	6820	5549	
13482	qtxrbfwtdlihsxafrsny	2088	13482	8120	
9481	pjlejuzhcimbgnfokqpv	6200	9481	1489	
7995	cakbepmswviwclahronw	5038	7995	2068	
9516	lsskgnlmqnohmcczjltj	7139	9516	11302	
7892	ltkjbdvdibhmzqhmyhai	1340	7892	365	
14510	lbrsfwggvykxkihflfwh	1283	14510	3199	
5738	wkeuolnzzlqkbtoqvlwp	7133	5738	2903	
10824	odrxbmgenxacmkiqmvau	8395	10824	13797	
12870	vocasdepgelcezciuqru	3742	12870	6844	
5921	thlemcuxzpxqxxwfrvwo	9894	5921	7508	
10156	xqylgadqbmcxxgfkwjec	8900	10156	45	
11443	aamxlhgshjtmyprycsqq	4210	11443	186	
12247	khqtlgjwrizylxfgxoix	7149	12247	8826	
13230	ubehoihqlqcinlodwtlu	7555	13230	4885	
9673	odoyweyplkdfbvfzfvrg	2164	9673	11935	
11400	obtafmuugavbzruxkryz	3649	11400	12661	
1041	jmnehyddxzojyxxpnpsj	8039	1041	6500	
13670	gbndpfbczqqsdaeyfpro	9744	13670	6930	
12492	yspinxngpjwpmxsrwpni	7037	12492	10118	
7714	ucnmzorryjomsvcgliqs	1533	7714	14696	
4980	zqacbandisvykbwxaghi	1685	4980	9648	
7180	btjapfgrknnaulmemtwq	2210	7180	4186	
1034	kgkrzbjmbexadilzdkey	9455	1034	6320	
2289	ahluragdjuabmjrwqarr	6271	2289	14545	
2240	uzonhednpmetmspuhnnm	4750	2240	13561	
4138	odzrxxnwbszgvmeqylbt	3409	4138	11965	
10428	wosihhirfdixyclmruha	3401	10428	1859	
511	zbdoxcadptmhyvsclvqb	6816	511	6256	
10655	dhmlipjhkspwqqtgldza	1865	10655	6445	
1041	jmnehyddxzojyxxpnpsj	8039	1041	13199	
1716	hddcrrihewlaswqjvpbq	2765	1716	9875	
9321	outpcunemefdajnuzcog	3512	9321	2536	
3287	ezscsbawakhpatdfxeoi	2351	3287	7065	
6643	qzknikqaapnwznakfjel	1766	6643	9564	
10240	ctuikygnpdfvabljtish	643	10240	10952	
730	tcupzlhownnnapyyuoxu	1842	730	1238	
6501	olhamciqxcgjnxhbfphf	4321	6501	11657	
9439	vzuhemimxgcffdhgdgdz	1474	9439	12149	
12250	hdafzqvsiijwrctvyzgq	4518	12250	2831	
6501	olhamciqxcgjnxhbfphf	4321	6501	14741	
8585	dmyprhbntljaeyoyhavi	916	8585	12827	
489	fxqzmpyabysphicgjncf	5914	489	6470	
9874	gcaprngtsfnzynvonecz	9796	9874	14215	
257	yrdxnikbgthrzuvkbbat	3478	257	5952	
14157	toaoawobmqtsdpjxnpij	7603	14157	10855	
10151	nqoeebekaebscaazxoxs	1881	10151	14150	
2786	ncdzjowlbrmdfcezidsh	7740	2786	12335	
4520	zxhwqikjkolpyrwplpho	3485	4520	7230	
3719	tpjuiejyutjbeinvufdz	8630	3719	14481	
13989	iahycocalapcgitmnhwp	1439	13989	14721	
5932	bmfemskndnwkgdktciab	7084	5932	4615	
6331	gslmttiaqphgsnopohpz	6922	6331	4215	
11939	vbqkapuvgtskubhyeaju	2977	11939	8744	
9010	oeexqkmhtewwkqxteetg	3377	9010	7592	
7356	kgtysheuyfitgwesokfz	3363	7356	6092	
11717	taztluwekgdnjjxoknwk	2707	11717	3413	
8100	vmoptnqqtcbvcwzfrext	7046	8100	7123	
2251	zrnomfnmyuefzshsxdbq	7106	2251	5661	
8785	hwonjhgmwmmvdsappves	2198	8785	3701	
5586	byjerfujdehanexruxqf	3715	5586	9633	
5275	beomqltzpkmctkmmyvmo	1726	5275	6323	
13989	iahycocalapcgitmnhwp	1439	13989	13620	
6688	mjqpliyueaipqoxqeumk	7812	6688	1656	
13040	qmogfdjjruyephxkywxg	6978	13040	6833	
5586	byjerfujdehanexruxqf	3715	5586	10118	
1065	pzzojqmkdodorvpmqefn	8088	1065	9929	
10972	yaaxsbkedjclsmnqdwuj	7190	10972	8873	
12015	bbunfaqgcsdfulbxhgfb	5660	12015	7165	
12496	sumcdczgrckdonlytmas	1752	12496	4193	
9660	kzxepvllbtyeemqoipkg	8558	9660	9844	
8757	ggujtfyakejjpbzbcbns	6765	8757	10577	
6659	fwzkgjwjacopljovfomk	3329	6659	3362	
1330	ektppxynkbymbwhclgjv	4360	1330	6924	
14766	lcdrmigkjpkreyesgzxf	7790	14766	8066	
14936	epqrrrolcudygbwjlrfo	229	14936	3801	
1027	ysyqsflrwkwkbxihohhd	99	1027	7829	
9298	qipikhvjcwqbwrwgcnaz	1878	9298	314	
1020	fwyztymqbkjhsnoxraol	1597	1020	9565	
9775	plpphnyakyjlwtzjrjjt	7771	9775	13394	
9839	cugwmdkdxpxgezvhwjjy	3549	9839	6695	
2342	fcptbywtgqrqthtkpzcl	7496	2342	5329	
12582	kxjkkeltljttwsbtffrf	5648	12582	10491	
7581	vvehlnhrnippyycmwtid	4112	7581	6282	
372	evopbafxcuqcchipnvrv	992	372	445	
9897	xdkbzfynpghjbbefybxq	5799	9897	8855	
6345	aoxsdsnxqstrjzenaprd	9730	6345	6620	
9406	bktvsqdkladtrwhiyunn	7927	9406	5038	
14786	ryydglqomcshmkrwiweh	2312	14786	3485	
12631	tigyoagagzsotfifsxon	3388	12631	4982	
11238	uaqbkjuazpgglhvesnri	2827	11238	12984	
5883	waalguvedqmjpqvlxcaz	2007	5883	5462	
7398	ncfdilzuuojdyvjwtgjs	3722	7398	3974	
8689	whvcwfhqjnrmyoxvpkwt	6748	8689	10299	
7495	iiyodlxdtvrkdhpkadpe	6655	7495	12091	
10671	ebckjaxczoxuahjyhqzr	9647	10671	2995	
7029	eepomcojqmazdmzhpthh	602	7029	181	
11801	xuwzzcnqtdzxhgofhpvo	4591	11801	8001	
12674	apgqjxreyxszdwnlzilb	6210	12674	6674	
1811	lzhitnhpmxkfgnjqtutw	4130	1811	8702	
14614	rqbaotjourpvmyprwydi	1495	14614	8609	
2677	whwbzxuskvuchyqrapsz	731	2677	14412	
11431	qcxhadvaxmgvjgyyonzc	2825	11431	5941	
7089	hjctxxiflezcmtheldxe	8573	7089	9614	
4369	ftkduwezrchslxasxptu	462	4369	10948	
11357	scbmzookkhrkyxwtjgkv	2035	11357	12855	
12184	acetyxmsyxygffpqwtip	8589	12184	3348	
9233	tltavbgglqsfiguzwbdw	9152	9233	12136	
11357	scbmzookkhrkyxwtjgkv	2035	11357	13509	
14007	topdngfqtvhzuxiuiqel	8810	14007	1895	
13545	qxkwrnkttwoqloxpxybm	6489	13545	7016	
4333	czubsqzppcvaeuawhova	7589	4333	14998	
4076	fxhrdnsybksdhiwclpmy	5359	4076	1680	
9198	zlyxgtidxhwqyribezai	6106	9198	9179	
14549	wgcqsibuskukycqkumkj	3177	14549	6716	
11158	uqbtdmonkxcuumuyaxeq	1833	11158	7772	
13750	nrrqgvsislcyplxzehlh	1617	13750	1606	
9482	hxrjyuemmgqgzytvxhxr	1900	9482	11681	
13964	kbenkudeusqwhvnbuqfb	8363	13964	1211	
6857	iywkjhvgqbqzdcezzttf	2419	6857	11771	
14722	dlxfhkdtkfnhgfghosuk	5755	14722	5542	
11154	slsrxajkwdrbzghlruuk	4625	11154	723	
11613	xzojbqemdxvmkrdvrimz	1035	11613	2632	
2606	lqutbwwcgvhlxmscdeil	9342	2606	710	
2858	dlrwaypdnmprvjnnagci	8367	2858	744	
12438	vhqcvirlkxldwhrlagwf	8452	12438	5019	
9364	lqzhvpfmiislvdhnhgot	3779	9364	973	
7157	lkcxpuxhgjxcufyrvyuu	1221	7157	13501	
2393	rglnhanyclebgdimsvsa	7593	2393	12252	
1239	inbjmhigpoxonahonmcz	7771	1239	8177	
6639	dwmegjgtogmapwthjyih	9992	6639	10945	
4042	whxkmbagvegugetaqtsg	3211	4042	5040	
13065	umwnzqmbjmjnvcnctpgi	1801	13065	3941	
13748	zlfgfzmolprivwszmkqv	2434	13748	3421	
12996	gcfogvoqvrmgibgqojxb	3640	12996	8013	
4441	bebcpehxjkpjljmlkrux	2730	4441	6089	
3384	ghdlqchhmesmzugxufam	3069	3384	6236	
13541	hqdlsckhrbuzjdtkuiah	9731	13541	2776	
3094	ejmitafrkdrkzlswwkxu	7664	3094	3252	
3148	irkztxuazormqoevletx	1135	3148	6351	
2152	rjysjjowskgkteqzgjtk	4775	2152	6264	
8413	iomvpldttqfaernkstii	5172	8413	4776	
6895	jmbjacziwackowlomzqb	5473	6895	329	
980	exmuwgtushlwruwekfal	841	980	13446	
5851	vqrjqdtqxnrherrovhib	3880	5851	12929	
4006	sssumkjrcnlwkjdrytjr	2046	4006	10930	
6282	dtvgzwltkkddhmwcicfd	4615	6282	4888	
5631	xldhdiujjdimjadkqche	6023	5631	8690	
4046	rkfhyldfjgykypbmmsto	252	4046	8232	
6164	owkxwvaxwkkksyhbgtyf	4773	6164	10338	
6520	jstzcxywdzmcocszlujg	8433	6520	9082	
7662	wchuxegxqijudgjdtbgn	5684	7662	7241	
14532	fnjqrbkfsldqbeunapjf	9894	14532	2533	
714	nexpgzzfemrhszapesrn	9068	714	3924	
11754	imnffhbktwdugtyfnkqo	6841	11754	11530	
9437	thpdbxnbmoynlcsigxsc	2533	9437	11046	
831	cksbcsvntypoumbellac	7996	831	4094	
10069	rvwuycrsgxfsrauqhjyu	643	10069	3551	
9738	wfxpdgnuircewiqkqupz	6551	9738	12846	
4593	lzksvkiqtdbiokiwkuiv	4374	4593	8479	
7587	euvwgxdjjhuidvudkwfb	4793	7587	14747	
2117	vgwdimzpcnbwascvqccj	1147	2117	966	
279	nlzdxfdhejkqajlhavsd	9670	279	8706	
973	zfsefkxqyisbptqsycfr	901	973	5854	
630	rhehfrbhnonvsgywaibq	3286	630	13838	
11621	bsdamouzzoougkythasw	4536	11621	10946	
279	nlzdxfdhejkqajlhavsd	9670	279	5396	
10348	uqjghffhzrrvwpnkidxn	3746	10348	1684	
71	inkgbvjsbhzcclltdjwd	2902	71	13364	
5859	khumdpncchppzzpvggze	2110	5859	4444	
14106	mknnyozwvkjodspfmrrz	3736	14106	9388	
336	afkmsajcsieqwovnqjja	3355	336	2288	
6810	jbuidynpbioooidbjfti	1551	6810	3373	
2655	hosvcekuervvwvyvcsnn	3687	2655	7869	
9614	vwhzlmhjmrwusqixeijj	7969	9614	6949	
14319	cemsolzlswasrwtsvtqt	86	14319	5842	
9216	yejbcsziengklkhxygql	3916	9216	11027	
6581	ltrmmwyleopihfoztaqu	407	6581	507	
14475	augspxotftmlfwqwuwgr	5546	14475	11574	
49	tojtqiagzaxxsmrvlweq	9901	49	1149	
9211	biloblhxzcuoxqoyxccg	8947	9211	10399	
13003	nwlivnwfzznzgqotjqml	4543	13003	4854	
11038	isxuemegzvstsrlubepv	3055	11038	4590	
9917	lkoksqdmoyjstcbutmhu	5098	9917	13176	
7368	pkoundaqpneqcjnqhgmz	3412	7368	14220	
14700	slwqlfnuxcluvpvvbvfc	4331	14700	6234	
4247	ksrtmbojkcvafcwxfqhu	3365	4247	6044	
768	ilhaotkwidqbzwhvzvjn	201	768	11514	
7891	iaxcfatgokqwonarfyav	970	7891	2664	
4935	pxtnmfdbqoxdsmektkiv	9271	4935	8659	
10007	dpsudsvjukyfzbzdztww	5176	10007	13166	
9071	gdxgjovdkfjgmhrwcgwq	6490	9071	11787	
893	wcjpxhswuzwadvrrlprh	4602	893	5138	
10346	pswsqjxhgdlhxzgvfoix	8995	10346	7270	
8913	ljgxvypwgfmlixxhkfbx	4305	8913	1141	
13804	khuyfslwiyidjwfejkwp	3096	13804	6637	
9209	uwrpcqcafikcgrgkfpws	3645	9209	3098	
13095	qftvsqaeqvgdcikbbpfy	3770	13095	14262	
11105	bhoeulohrzbslifocoya	2285	11105	14619	
7114	qavjjaatwaeqrdxyuezf	6272	7114	3157	
3698	jgytrcvxrgbbwycmeqgk	4879	3698	10714	
12983	jrqdzyejrzufadbmlpdm	1968	12983	11456	
8093	jdhjditcwractqchuyhu	2140	8093	12437	
12758	ycrrepvffajbrayzrtwi	8757	12758	13839	
10652	eoiowtckwbnwsomraawc	5231	10652	11363	
10707	vctxdvuvbpxsvczjgsuy	2095	10707	5249	
11953	jqhppnybbgmognqrqkvb	4290	11953	2821	
12983	jrqdzyejrzufadbmlpdm	1968	12983	8471	
6788	ekiolhhrtkxzhktnvufg	5057	6788	11221	
13971	pshjgqyaoewudozrsjdd	4732	13971	10827	
2106	wsfbvpewqxuwhclzrbou	6277	2106	1431	
3268	cnnpofpegzvrltglzexx	5648	3268	2262	
9209	uwrpcqcafikcgrgkfpws	3645	9209	14868	
4959	qfkkhknrigeemyqsmqyh	6906	4959	11145	
13095	qftvsqaeqvgdcikbbpfy	3770	13095	4354	
3475	vdijyopkedrzpgaggrjo	7647	3475	14873	
14127	ckumchcehipbqlxagaxm	4402	14127	13018	
10297	egkbulxbftahoukefdvl	9556	10297	6001	
7673	tkxnjbxlhiirjdbfvtqt	5580	7673	10200	
1575	kdhekdqsytearjtblimc	3317	1575	4817	
13387	hhzjdjonrwiucutcfoxm	7085	13387	8993	
11499	ewtehinbpzfyvwpkrfod	8509	11499	3624	
8872	kshqxnugtrmkzgvyfyit	6283	8872	2625	
1108	nnihulubzuapbrqgvcqk	4000	1108	1007	
13471	xgnigvumxuchhpoiamly	9367	13471	4347	
9911	ctltcghxmokmhkvoscvn	9240	9911	9995	
9979	sdxcsdkahacrpsnlddan	113	9979	5161	
15	amzvsygscxtuvvbcdqeg	674	15	1342	
9112	xpziecdnkbycgieychux	7070	9112	3283	
14946	avjzzbwyvutclyvvaljw	8931	14946	6275	
10321	xavajtmjobacohusdbsx	5482	10321	12007	
8034	dkvrwgfyyaphuecgnlpj	8102	8034	517	
9017	qowhizusvratgjjzaupd	1772	9017	3526	
13768	azimscoitwgtizjjgvan	4803	13768	5622	
11566	vvizbmlyxebbmznpgjjl	8003	11566	12369	
7993	qlnmkcgseunafnpbupmk	3860	7993	3482	
13768	azimscoitwgtizjjgvan	4803	13768	152	
13863	uoiziwtintddwynwxgpb	9759	13863	3256	
10460	twdqgxysfarkjtbfcsgb	8014	10460	10392	
4382	kbgwsbvzuurplpmqxnfj	6097	4382	9943	
10454	xsytnjywwyzanrearkco	3763	10454	9557	
14976	usqeueqiuxwwjhdgzzgz	1135	14976	5364	
1932	umudqibceielafvrrmfi	9741	1932	4042	
14669	cmitipzthcmomjeryxzo	1056	14669	14100	
10167	wjhjzkgbkgofmracbqnq	2856	10167	3959	
1000	urkqjednfqfoycfizois	3034	1000	7904	
8859	eigodegxpwcrzvyuzhso	9166	8859	7137	
7589	ggvuhgmnzcovwaoiqfhb	201	7589	635	
13207	hdfrnknvwcojdgjsqlal	6757	13207	14929	
1967	fwqhvlyhkjtfidyjutwn	9282	1967	2688	
11249	labydfjfxljkiesqczge	19	11249	3157	
5218	lzwsljsfxxktxdnlldqj	2389	5218	3348	
12712	vaqpjpsxyzkkedezxdpz	2547	12712	5132	
9966	wwvbzgtqvptkhadilemf	3332	9966	2096	
9009	gxqpwyggpmydslgixcka	2914	9009	10238	
5965	gewuyoektlvjzeajikjc	3346	5965	6382	
10636	snmcbdctegigtfqdnrpv	5981	10636	4551	
2123	nldotxpmyiwjrchqtxwy	4969	2123	6862	
11509	adtuaokxrahnglbdrucj	1133	11509	967	
12134	wnvzcqfdpwzafniwocen	5455	12134	10104	
2386	ypfkdfwqvvvrhrxqqimr	2962	2386	4276	
10729	rhdfimwntevextnwezlt	5288	10729	8115	
7506	wcamgmnnbzcblfjjifay	9138	7506	14745	
5779	cvvwcmtoqwcqaqeqsqfi	3723	5779	1013	
6575	deurppzhtakykbciilmu	2703	6575	4212	
7069	gyjpamlvfprfqqpxkylh	8453	7069	4547	
4652	aezwvpehuvgrpmwmcdbm	3674	4652	13809	
3418	ifxpwdoesvcvwzxddnrr	5927	3418	4272	
6634	jhtuebahxluytbcsjwwg	9737	6634	13183	
3251	tbnygrkvuwfqemkrrbmq	7526	3251	722	
12859	gnsvvpfeelbuxsexswbt	3145	12859	7099	
5083	uyuenungmvqdqiwflwyg	1364	5083	4706	
4552	kcsmzzrtwjjtjeufzgrz	1533	4552	824	
7288	yricqvwyaxfzjggmlvgv	4587	7288	8209	
11219	sjkibxnliuathgumuxdz	277	11219	5055	
1207	ffezprazwmmfudglsqqg	2048	1207	1978	
6616	zlhtczbgvjrvllvhictp	1003	6616	13036	
14162	agtachqlkrbnneqhfmxn	9290	14162	8743	
4552	kcsmzzrtwjjtjeufzgrz	1533	4552	12730	
5077	dcivzmzkcnzlcuupysxb	2600	5077	1652	
7713	mjkwzgzwpnrpxmiksqmm	26	7713	13866	
9612	yszqpgiowrebmfggeqmp	8885	9612	472	
8984	krfgulvesoldudqolmtu	3579	8984	11101	
5771	mlgpswlnpxyytffugnum	3013	5771	9588	
1324	ekwvsfbfhsxejuydkjls	4953	1324	3767	
10323	jtvfwmplawvyytzqaayj	6460	10323	5908	
3211	vtlwpahqjvqpwfaschkw	7309	3211	3707	
5453	wlqgmnwyebrtsgqpjdby	9147	5453	12967	
14393	uvumfgwvcvqzwkkjrtwy	4915	14393	6720	
3813	cvcdefuahswjracutodx	8029	3813	1782	
14491	wjfpxyljrpuildiewzus	5740	14491	6566	
14591	ximnhwgfouklrwupgjuh	7436	14591	5866	
11083	ygiafoducaszskefmdxm	3823	11083	3439	
3283	knwiccofgmphjzhqpqsx	9049	3283	9256	
5977	ahfxuakuniuvreljvijx	2219	5977	14113	
10257	uemyqahvvkwmouupivns	4818	10257	3262	
12413	tmbkhsnybernsinbsasx	8905	12413	3097	
952	szklgfoohhjmkdnfljib	2878	952	7716	
9826	hwxhnadovrjpfzzodlhp	8191	9826	14741	
10005	aeonuasorrqtbyxymmic	6282	10005	13216	
10005	aeonuasorrqtbyxymmic	6282	10005	6362	
10005	aeonuasorrqtbyxymmic	6282	10005	4110	
1324	ekwvsfbfhsxejuydkjls	4953	1324	9219	
3345	yqthjxjvmrcvymxlwozb	3312	3345	3689	
7717	ggbbdtfgsslruwcidavf	1381	7717	10522	
8327	zdsrivmtdydivfomtgdk	5848	8327	64	
9525	rlmcgqaevvzkqoftuhru	3971	9525	6840	
12830	czwjqmkkkaoconstszph	5644	12830	3037	
817	fzexddqewotytaacculo	4417	817	11400	
10811	pzrszotbnwplnvfvwpic	6343	10811	12330	
10811	pzrszotbnwplnvfvwpic	6343	10811	3728	
1834	krtxwbrkpsyiqqimpbgd	536	1834	2663	
12526	ttzpdqzsssjxtpchwond	9668	12526	7746	
14032	kucoqyfkvzhjfuyazkbb	8936	14032	3631	
129	qgmyhhgjvudgqbpfosnj	8359	129	12083	
11212	osfqocwqlopwbystrawn	1191	11212	4265	
9088	htlaejdbkxwhdnvswggw	865	9088	14324	
11862	toguxvqttkseorvlzhdn	9063	11862	6748	
12851	csfpggdidjakcglkasog	9200	12851	6530	
1945	jgfvpuxayduwdmacabih	7041	1945	13991	
11117	qubbxnjllacjqmjvquav	8017	11117	10374	
9860	xhdunevnuuqyzfuhryon	6719	9860	6182	
8051	wsogbtgrcklmbkckccgj	5083	8051	10378	
13232	ilovksargssfvoncfkxh	5331	13232	5546	
10762	vwlxeehfwimpnvazucnm	3409	10762	1119	
4008	vezhmtuffeqvikytgqyr	7679	4008	1189	
204	meozaoltyojemvjcfwgv	1249	204	1896	
9841	hpkvaelgczelnyhszcgu	6349	9841	4650	
7783	mtepwntcdkcphidjcmkl	8426	7783	10907	
1296	awjgitnulzkgludbdlgo	2439	1296	3963	
7783	mtepwntcdkcphidjcmkl	8426	7783	5249	
10199	tesedgxyuzffhgdghywe	1667	10199	1499	
8051	wsogbtgrcklmbkckccgj	5083	8051	7903	
1726	daozhlhelervdjthcshd	8773	1726	13321	
3809	veucsuffuugdrwomxrai	2840	3809	11538	
9351	klnfcblpllzlhzsjcdcf	7562	9351	13519	
2262	iehecvrrlsixerplkxre	3142	2262	4317	
10074	jzyilrcipcqzoigzoexw	4281	10074	7041	
6559	qxarobrissrhasicehba	8600	6559	13541	
12377	pxekujwzivhapwnnlbzt	3288	12377	13999	
2432	lljzmowbmfuocorpwjua	685	2432	12371	
11781	igvyywlznnmfcvdevuhy	5400	11781	8012	
11620	diganhootppzfqunlpms	1967	11620	12943	
3406	zqkhwktpusenfwqxgbvc	4834	3406	2170	
12615	zifkpddwbppaokuufgah	6928	12615	2090	
5483	erondvlbidxourhatktn	7636	5483	10911	
8161	enschgvnphlcnshhsfhh	4451	8161	3791	
9674	hrjswxxfadtmzycejqqi	4975	9674	4163	
2262	iehecvrrlsixerplkxre	3142	2262	3931	
10885	nqzhykfjbbblsodfgpno	1505	10885	11241	
9351	klnfcblpllzlhzsjcdcf	7562	9351	4332	
8028	yyondshqimvmcgnqmqip	5883	8028	10991	
5332	qmcjshxaxyvxwqmxiqbc	6918	5332	8931	
3894	bohukacvkbgzkseytlmq	9074	3894	12269	
12831	scugspjowozkmuhtiiiu	9720	12831	1223	
8418	ipqbgfyammffyliltels	1626	8418	8611	
765	nezmbmrrlnbngowpwdvy	3041	765	2537	
6455	qikwljbohfhtnoappgmq	294	6455	2428	
832	ttqkcvhrqeqfipbobjnk	9804	832	5102	
10810	moywfstqsaxtioteaezn	96	10810	13004	
14783	drtkefmiinmpvktsexgi	631	14783	11249	
2989	gerqkrafashomzzadwum	2906	2989	11674	
886	nyeipsreeshogrfvcyfx	9834	886	795	
4841	fkzvfrfkrgxogzxdemjt	9439	4841	10715	
11808	llzyrflinxrhgcxubzrw	9329	11808	12250	
2919	bhlkkmvptificzwqidgw	3434	2919	11760	
10344	yczmsatbjdtawdixqpdo	2220	10344	6014	
3137	dorkqyywvqnnaavbtvhg	4504	3137	10567	
8731	yrehquexnmxjrdmhituj	7641	8731	3562	
4075	egnfuhyomnmlbzutcnxp	6394	4075	6126	
10266	msxtkvmqsbkngpxnrdra	7334	10266	14572	
12102	xibegidytxnwzuyisled	1493	12102	10525	
13524	bquzigmphcelwmcqsocj	708	13524	10572	
4670	vcrjjodllpghidmnukiz	3828	4670	13020	
1856	eyzmnzhwsccihxedhwih	2355	1856	2237	
11542	pqxxdpiqxbaujvfnbimz	2959	11542	10500	
11965	chknlmvemcemuezzzbgw	3719	11965	8916	
6533	ucvythspqgfpbxuewyku	2610	6533	8905	
5552	twxpcqwcvkmlbqjdwfig	7010	5552	13557	
12161	wljhpslvltrfordjmblb	6852	12161	7360	
3546	hovvpgccodytlejyunpo	379	3546	12923	
4682	dqhrvjlpfcdeazxcwgfh	8576	4682	10962	
4554	gvrgmofowxzqxhiwaoct	1154	4554	9581	
871	vlpaoiozhayygcayfeew	3297	871	4488	
933	tbxidyaijnaqdqcagjrz	5402	933	11582	
1603	oycuaqanbserlguiamco	8906	1603	12154	
10547	njkywthxdnvclaqtheii	2332	10547	8953	
14430	gjyavfwbfruqsnedvdiz	3236	14430	6544	
3042	vwbpsauiyanzoqqhosux	183	3042	12770	
1680	jrernayvpmebrmafhgjb	8035	1680	358	
494	eedujyqwtttgctlbrbao	3482	494	12054	
8199	lqctolvnxqrfiyyjomzp	9753	8199	6317	
2343	cvpckpfqioqxvkppsqne	603	2343	9879	
12021	lsrumbarmjqjpzomywzb	8365	12021	10271	
117	uohiexofnnxvevfcqhhj	7718	117	831	
4005	kgkypbaaklkonlotfutx	4245	4005	8339	
169	nbxpfqzjhzjeqtmuspzz	2249	169	3701	
7021	qzcsbruiuugsfrjshtxi	444	7021	9240	
5914	xxgqpnknkiwryfwefbtq	114	5914	4315	
6336	zwyzlakapehvbbkmxhxt	2830	6336	11003	
7878	vbdneluqmimtcsupitsk	4974	7878	11714	
322	wlqjvvuzczhdzqlhyqkh	3038	322	4972	
7140	iimfvexgezujhqnpzuoq	4642	7140	9438	
9844	tulgpyhxvoydqcwybliu	5488	9844	6123	
11736	orannisbphnndwisqkdp	2579	11736	10290	
14662	dqoydvtvvsswwcjddbtj	8166	14662	4697	
11359	mvexrjyonqklhssyjfko	3211	11359	11061	
1903	hgbfdbgvweuoocykvhfq	2862	1903	427	
14561	sktjrzlqoryhaiiefppg	9300	14561	14971	
5201	ldtmjaqqzrvvwahqzfua	141	5201	8349	
728	vnjxvcmejdekrwkxljlf	2867	728	12620	
5256	rpbukkxneerggbyuwhhz	7201	5256	13506	
3220	tpyoitsvtoqudexyuwui	5680	3220	4470	
9788	heucgnzrdjmzsehuonip	3277	9788	14595	
11534	yhjdrxyjkidyjdbrlrvm	9643	11534	5762	
2059	cekqpyiuiilbryioagmd	9060	2059	7796	
5380	nksrplxigzpeljycmtjq	6474	5380	3858	
5380	nksrplxigzpeljycmtjq	6474	5380	13044	
9424	rjcpdmjtkowjlbljdxod	5712	9424	13192	
8624	qrbehppqghcjmtktombx	2717	8624	13230	
6976	ifseqmwqqurappypgvlb	3892	6976	9894	
4128	pxncsjnfwjjlggzgnosm	4561	4128	12562	
3351	nvtcmglmlgwvtzdjfjfo	1501	3351	3523	
11217	aljfpibiarvavxldcitj	9055	11217	7922	
7539	bpeinxwgnfllrjqoezie	3189	7539	2615	
14473	cqdbuyxrgeiwjslluoqh	9864	14473	4571	
7621	yjqwxhrgazeshfpzyjjl	6483	7621	2021	
6859	eidwngqmzwmtvotjcvwd	2842	6859	6725	
1669	egkujovxcmmhydwdwyis	6000	1669	10898	
14866	kvwgrbzrrvzjxnzkutph	8075	14866	9714	
5315	tpmljzkwviverwmwcziu	8805	5315	2189	
3581	hiccbkghntmtdgtilmib	3338	3581	9467	
13511	xiwneyzwrphcxwdvqzci	2878	13511	6734	
4362	yiabulbtliizrbzzahrs	2777	4362	10303	
14056	objptawdxpywwgvlyzwu	9374	14056	13754	
10768	hnlzlawjycbvzygbgbth	8918	10768	1658	
11089	ektwpooowtpcyxaaaajd	4556	11089	7353	
244	ajdmosekvjthtmnchnml	8247	244	253	
14362	zuhcmprfgpiehxglmdnd	8118	14362	7828	
7010	yxsjvuwxbrbkyfspfewa	5095	7010	2115	
7191	cigwbzraltvngrwwqyyp	7238	7191	14060	
244	ajdmosekvjthtmnchnml	8247	244	12440	
8370	spcatfiqzssqsczyrulz	8731	8370	13260	
11124	dzfnjwvfblfqsacqwdts	6814	11124	2633	
14866	kvwgrbzrrvzjxnzkutph	8075	14866	1277	
8	ieptquvboxqkfpzpmhrz	7362	8	369	
5078	jueuhqyhvkbsqqjtseaf	7271	5078	6364	
8298	rpfutugkelarwnnqlijf	8815	8298	12597	
10165	exjjeqzlltcwlukytuso	5698	10165	4123	
10550	qnhkwgdjxibcimfexdsn	5871	10550	9321	
8764	emczwelnquidnfomoafz	5102	8764	13283	
2538	qhqpklakllpcobezweim	3544	2538	1117	
8298	rpfutugkelarwnnqlijf	8815	8298	1092	
11378	lkjdgvoskuvtjxtkdxvg	5544	11378	13412	
7855	feegkgpcggyqsnmpiqsr	8304	7855	12937	
9562	zutmeaqfpoqbalfdfvvp	1218	9562	7369	
14085	qaywqjaxpoptipriihyg	9490	14085	14332	
9832	uvznbtgmeuxebfsgostr	6449	9832	6367	
8140	xgdcgpuwujrweuusiqae	8543	8140	11492	
2055	ywcqqfijyyfnvlvyaqph	3009	2055	6306	
744	ecwteigpdxrufcjkyopr	2514	744	4667	
2094	ftftxsnsyqsmdtpjyvyl	2382	2094	11497	
6516	knpvngrdkahvuyxecrxq	1481	6516	14784	
14861	pyhsolexrcvzmsgwigcx	5853	14861	14261	
9422	axudacjbfsrjybppunmd	3078	9422	12910	
8656	mfldgkutcoriznfciscb	8393	8656	12205	
7954	xpbnyrqprlgaxlenjryk	7616	7954	5654	
4800	rohzbquehnialyikylvq	2296	4800	5904	
6916	qxevtiedzlklnmnrguhj	4819	6916	13949	
9947	wlgqnqjfjgjewuenmxxf	1769	9947	11384	
14861	pyhsolexrcvzmsgwigcx	5853	14861	2847	
9394	ghfykzoncutbmmfkoyhs	6831	9394	14977	
3895	ihqviiehgofpaenbhlpw	5766	3895	1004	
14454	tieiarxvnkvygnqjxwfc	6285	14454	6479	
14230	sijlcajcisapoxgyuunp	1750	14230	13236	
10393	zbdziveavhgktfzpabhq	1839	10393	12034	
7931	sdbgncejiessfvolqjnr	7025	7931	6824	
7498	cybrtrhqkwsgonuzaltu	8939	7498	721	
13424	zwkwlxurotbjcmveweeu	4847	13424	6245	
3895	ihqviiehgofpaenbhlpw	5766	3895	576	
4632	tbiamixeqzkeuwopcgse	6226	4632	4818	
3952	bdzmufqtzpebshefufwp	6544	3952	996	
13398	svgwqjikwjkjhzxcjibi	703	13398	12999	
8457	juteeolawnveakatqzux	2409	8457	748	
14230	sijlcajcisapoxgyuunp	1750	14230	3683	
12230	bhuarddvmbunhscvwthu	7651	12230	14956	
10393	zbdziveavhgktfzpabhq	1839	10393	14960	
4632	tbiamixeqzkeuwopcgse	6226	4632	6881	
14737	ckoptpywnuqeokffxgqf	3121	14737	10531	
12353	rkkcincahjklaaudiesi	5117	12353	2533	
8672	okrgfzehqbdhkblwtkeo	2642	8672	11318	
14398	mtwestdxvlubxlultkfq	2167	14398	11985	
13728	zkoeuimpvqfhusptvvlu	5939	13728	1712	
4462	jexeddkiafhkwqcwxbar	938	4462	11151	
10302	xrthayusuuvhuvmyhlud	6891	10302	8531	
1087	evxaimwhvfuufimegocw	4769	1087	9012	
3149	pssuugcuafpzgicrqlfu	3799	3149	7932	
8061	iosiytjzqgnyjkjrmyky	1518	8061	10986	
14377	lwgulsamvcammkhuioyb	9712	14377	8870	
10298	qqrbhpaswylutxzltfvt	6012	10298	9007	
8691	pghuwnwuponjdogdqaot	388	8691	771	
13520	ixbgpsmktxgllfccadpp	5943	13520	3037	
10171	vejyazuwcuxyvtfifmpg	2578	10171	9193	
14391	hkvjlfgtzdkbamyfcgks	4655	14391	14846	
10891	ihqrthzgantktsgetdue	9707	10891	2501	
11988	ynrrumgydmwwabehgjdk	3449	11988	2827	
4616	cedinehschpqblescgmr	3954	4616	9598	
11821	oudembqyykeufzekuywi	6839	11821	3914	
11498	mbtkvtppvpvpcwfmcvsl	43	11498	8264	
434	jpuxiiusiyjuaiyplcfw	4887	434	4932	
11943	endmuackmvwmejqlsmqj	5378	11943	1696	
11774	dwhwkizwfybggwugszaw	5264	11774	7205	
14533	xowmjtbagbfltymrdept	6157	14533	8508	
3218	kmknbtnyrzlcdixoayei	8978	3218	3351	
5136	huqfmxloieykjvpqjdem	9090	5136	13450	
3704	irxaohigpdacmwdinwop	5899	3704	13733	
10347	zsutxcuovcpttmuqntuo	6819	10347	4604	
10259	jhnscvgpdkketrwhwfmh	2982	10259	12763	
14646	qkhpuxfxuqhgcouuakww	4391	14646	169	
7473	ermrrydnuqdxwjepxchy	6652	7473	4537	
13751	vdrksphwouxumpjeagws	3491	13751	4821	
7965	vpckenewobxgjhdhtzli	6835	7965	164	
12269	fgvqeuedfuthcsefcsge	5156	12269	8819	
12667	qamicrhngmhbqfjsijpm	5060	12667	3320	
1439	rymswsrgskwxpnmmgong	320	1439	1981	
4001	dvafztuqfcvetlhsgrri	6260	4001	983	
793	ezraajuoquidxmwknxvi	5896	793	10145	
10158	pzgjqdizrqohzbwnjday	7167	10158	7559	
14174	fgcfdwgzxswemiezrfvh	5921	14174	3777	
12967	sqewnrqmrmjhgiwxghgz	1319	12967	13508	
13145	lecwmgxavczriokuzcxc	4021	13145	4810	
6477	tjucxbehoogmoceqmlsv	7305	6477	14297	
9144	xhsmsgmvzcmjesjuuxcb	2108	9144	6533	
566	euazzamkgutyqrdpoflu	6852	566	11888	
6302	szplyjgfeaoaqsljbdks	8892	6302	2320	
8736	rmkdzlbrokqrcraeclqv	6856	8736	9283	
9683	qjvnokkmjyzskksnrcwl	3798	9683	1539	
1205	pdzhjzkddaiewaegejki	9948	1205	11547	
10854	runwyyvrgqgfxtcvfaxk	2498	10854	14829	
14482	msubzhfknfvftsaieaiy	9596	14482	12812	
3560	djtdsmpqjpbwxtbywssw	8734	3560	2318	
3243	yfyiocxykpvofsldclaf	5011	3243	171	
8664	phyyhkuglbpngrsufswx	5812	8664	12799	
11156	ypptqknkzvsizphyyuei	5685	11156	13310	
13864	zavxpmlycvosxjyefzpj	6898	13864	1239	
4941	rrrwijqstsgfmaqbazbb	9594	4941	1019	
9652	efzprzvwmhvkpwdocpmb	520	9652	2078	
6596	cpmqewltawhdgwbliwvg	5332	6596	10890	
11285	mjzusdbucxjvqrhuulta	4707	11285	7649	
14855	zhqxzvrysalmbeqjaqfm	3621	14855	8948	
939	mjbqkxittaftwyysdzfd	9649	939	11005	
2272	nzjhrweawucwlbbtyjxk	2743	2272	13109	
7385	gummcdjdjwikivyqpees	8587	7385	7251	
12069	srqnxeemdscadxrsjfws	6068	12069	7902	
9415	ifbzqmxsfedesxjttdfx	7458	9415	2624	
7933	gyouobmzykfnrglyipvf	6666	7933	2920	
10615	wkbjsjbqraykaspcvdmi	2011	10615	8326	
7389	nlwcdbornxcpeqzhplam	4652	7389	13960	
7200	xagcfxuykscefjsfpmpe	1161	7200	5706	
11745	iupanabtqbyopmncdulc	2670	11745	5451	
6939	cxtefsnnjbwhgfoxaqal	7017	6939	8893	
1122	ymthxkwxwjqoofdmtfxt	8899	1122	2083	
12436	riwnmiwchwbtpqbmnphy	8615	12436	2638	
8889	gktimikknyqngbinhwxt	9885	8889	1330	
10619	gbytrjkeyvxwlwdxkmzo	3362	10619	12043	
9656	tirbkbeddwvgnphykdix	2768	9656	1590	
1121	tfxfurrbfghedzrcfktu	195	1121	3905	
7947	rnpbvmguzlyhqkvhheql	7755	7947	12192	
9420	untadmcdjpoeaphaacsn	2228	9420	2557	
3939	mxnrzvtdqaybxeojqeyw	408	3939	11398	
10463	ohkgrptqbcavedzvnkmk	1299	10463	4657	
3013	pfwelxqfijjjokimsqsu	6618	3013	13066	
7200	xagcfxuykscefjsfpmpe	1161	7200	412	
8749	dtxxocymcwgdmrpwggxo	7543	8749	4080	
9360	bscmwfvajtprpptkicgx	2343	9360	2258	
13101	lvtqzuqhlpvoujcujcuz	9830	13101	3719	
12522	kvaawvwxfgcffetwspph	6066	12522	7464	
13469	dkscljvojenxfejaqblz	3431	13469	10064	
3848	hkttaxstgpvnwdxlsrgs	2923	3848	8651	
1433	bbfczmefqzusymezrsyv	3484	1433	7643	
12335	qoyrnebswxdvcwgbppmz	1790	12335	14849	
5417	mdlbetdmmqscivwbbbgb	411	5417	14366	
7850	ygopvfqhxarzxdgzwbdq	4284	7850	9888	
1858	mfxkylzqlahneoxzkbfr	4558	1858	3835	
12335	qoyrnebswxdvcwgbppmz	1790	12335	7891	
14743	dfpisfixmrhdydefbmcx	1067	14743	1531	
10076	lgijmetylrnscwyscblg	3368	10076	11374	
7850	ygopvfqhxarzxdgzwbdq	4284	7850	1362	
8572	flxteolgdrnodxrtctnr	8889	8572	13734	
13819	ymwngktqladrwzdfoujh	3692	13819	2164	
12628	ymdtnwkucfeohkzgdofs	2336	12628	4488	
14864	lcnhcmjhmqhjslysgjzw	5387	14864	11824	
3845	xzydwonocnodxzsrqedd	190	3845	857	
9735	yywvjrwxugdxxkvfquuu	530	9735	871	
14856	icvmkhalryaugppfhxzx	3601	14856	11369	
12195	eekytmpqvwgtrjbbfdfi	7040	12195	9898	
11320	dqqvjsyqrmyeuuzkfdwv	7223	11320	11433	
7798	zztjuihwjayvkqcdmhky	638	7798	4453	
11116	rcytnkavkljljgcjqmyu	1660	11116	3795	
9981	imykhbeaxhhvfqqeyrdr	2190	9981	5560	
6392	ejvzhzvczsxhasupzhdg	1389	6392	12396	
3398	ioxkunzmmkscmiqqsazv	8580	3398	5042	
6683	ybjyjsfdvmpqknadtyju	3066	6683	12396	
6259	uaxbibxzcsvsujefjzju	5502	6259	8649	
846	kpdsqxsmfzzfppaqbtbu	5389	846	3347	
690	rqrwlzwpimikavngjgxn	8272	690	2102	
4569	uxmeefnixaxianlihvty	7778	4569	8334	
5737	ympetnktyxsguasfbakq	8197	5737	3617	
12218	vbuzdyopvmmllvxekvfx	4905	12218	200	
13303	ryuyiiyfxtajonwnsanj	2041	13303	5023	
6246	ojkttceypjdnksvenkct	4818	6246	5534	
10853	gkdlmegoezxdmxtigbqj	9979	10853	12547	
14676	hnxdfzsrxcnomeszybku	3325	14676	14410	
13015	symdxwvowigdffqzieyd	2712	13015	1831	
14210	dyydugkbzrnxyjknzhqg	486	14210	13641	
13303	ryuyiiyfxtajonwnsanj	2041	13303	4651	
7600	bjvxburiddqubsdpazul	3969	7600	8100	
4700	rrcgxitleisttxbaxfir	4626	4700	6031	
11581	ficlzmtgllywhkcvppwe	1505	11581	2301	
7002	mubgvqhczhxfwszrmpeo	9680	7002	4698	
10758	dyrwrfnvrdicbaihkzzo	1179	10758	14405	
7123	rwqlyutbuvunxczoggbn	7498	7123	6886	
3460	giisdshhlexgzmcsbhhw	9722	3460	1895	
2174	pkmaefaiztkwaumkpcov	5504	2174	13928	
10071	rkbvusavdwsbuwtsfyer	2169	10071	8378	
10385	fddkisnmlnwskctdejpe	8414	10385	1397	
8525	iqbwfatvvonttfzqbapq	8557	8525	5957	
1738	uxkcmxusbxzpywuufxba	2399	1738	6437	
14727	vliqzipfkqsnbrmnrqlb	3431	14727	7654	
3838	wlmubdlhllskqwkeiokx	1	3838	9619	
861	xfaxgtdwooocrlwdrfjl	9583	861	10433	
8707	tvwvypbwhorvtoznxgfn	3893	8707	12243	
849	ctusvqrwyohiyhyqabce	9284	849	6122	
409	rusjhsxydxyavkwdtfab	4748	409	3497	
1738	uxkcmxusbxzpywuufxba	2399	1738	369	
3092	ulwnnfdwmufhiufykqah	9837	3092	11985	
4503	obvcesnnvgruwnagouih	158	4503	14508	
1691	lceivbuebaffbdfuadzj	917	1691	12909	
12291	rpzulmejqtkovgityuts	6366	12291	7158	
10982	ujlvtoxboqhattvvhstg	6220	10982	11143	
577	hpykazwchxszktlkzvea	5964	577	7678	
8084	nrazjtwnmzxzjnfwyede	7202	8084	13112	
2828	lobyyphfkcygbakpixkc	3138	2828	5490	
1609	toygohsanqmoxdotjugb	8113	1609	13815	
9547	ltkhwmeyvvdwizksiviz	521	9547	10017	
7444	azcsltrhdrpdcjnelycl	9656	7444	4891	
10017	urowbzeqhdzflswsjcrn	316	10017	4346	
5411	kcmyucfhvayrhuptxhxz	9548	5411	1286	
13111	akupxqqprmfyudebyvnq	7282	13111	2915	
8449	tdyuirjmwepganqiraph	5378	8449	12775	
5003	bwjvkwhkrklcgmktqspv	3389	5003	2623	
4640	gwuagcfjvitqwueizvxa	2217	4640	11033	
8449	tdyuirjmwepganqiraph	5378	8449	1155	
2893	eiutnyxccizfcaefapos	5975	2893	11559	
14295	oqtudhnqbfaoarzpzfms	464	14295	13052	
10917	szpgvthnbqypyxaethmb	4534	10917	11919	
3334	ckzeybgfdvzpamqyrnlo	3767	3334	5975	
4084	oitjolmtrhevrxraxvtv	5471	4084	2458	
8214	tmijrqdpxfzvaepjsciq	9407	8214	412	
5886	tfqstvgoaatjwterudvs	1837	5886	610	
5303	xgfiaatzmxtofksgrcij	7232	5303	13050	
1060	gyczpalnsxyxtebeflgu	3978	1060	14649	
12736	mgwiedjhzutdnpedfxsm	7168	12736	5777	
8503	ijlclyabavicsrnavtou	11	8503	3969	
10627	ecgtaadotpceqalgopox	277	10627	10387	
14448	mbeafohzyiihdegweihn	3354	14448	2002	
6237	lurfkemspekidtfcdqwn	7379	6237	13339	
631	olvdktiuntpfxtjxojye	200	631	3689	
9232	dqsuqntxiomdojlnjwlu	355	9232	4030	
3174	uzbugiskonbmpjpaxapa	9430	3174	6618	
12680	sxvhmbolvopdwlwwyqev	5631	12680	10767	
9170	cprunmbtohbeznmxbmqk	7519	9170	3023	
11396	giyzglblrmccgqtiuhyt	9605	11396	565	
3097	qawaotqeoudmbfdyerby	9762	3097	9743	
14503	mpignsgjnkbvuzahiywy	3016	14503	6280	
12124	kasvisymqisqmtnazmol	8299	12124	10620	
8291	nqxprhxyiretxzwbepso	3233	8291	8726	
14932	ziprlljuaxddjwmsdmaj	1293	14932	14206	
6573	eypegwlogrltwmkypukv	6224	6573	14247	
11383	hkplenojqmbymhduwtya	8622	11383	7854	
13764	tgtvzvehvxukprnhzzno	6478	13764	14138	
1792	vaxikzwahxiwjsezyjhs	6177	1792	414	
12295	blzatlmtjzbkhlhalzuz	4983	12295	1040	
5978	ijxfqvlizydtdetscswl	8303	5978	11108	
7741	zvkjxljckwanhrcnpwyz	2393	7741	7184	
10028	zdetgzxbxgxlgscrqfmb	2508	10028	4215	
12358	zijlbejpymrtnvlfumdp	9897	12358	964	
13987	hngicnecobveammgvwcv	5110	13987	7130	
11749	ocjfhaoyhnzhjrmyfllu	1882	11749	11068	
14925	axajztbkidhrlberpoxm	8329	14925	645	
10308	irvtugeloiaqiotttzst	278	10308	13918	
1564	websagwmrcgrfdcdiurp	4232	1564	2892	
13238	zutroonqnorhcbbudjgd	6258	13238	7906	
2019	rnrurzxiykszidxppepz	3040	2019	9406	
7339	kguqjsavzrxfxbijiqcj	9940	7339	9333	
7289	wxamwytpgkrebefrjkdd	2445	7289	14803	
2697	ddicxigtcjosxrmfgczl	1904	2697	7045	
13734	koqtizssyobweqtizuyx	2855	13734	9371	
11540	evnxnfjmsyywdbwmcwdf	9126	11540	4043	
11594	thqftcvzoulunzwdmomv	9779	11594	751	
1727	ckfvdeywgappmpguqedl	9722	1727	5929	
14675	iayqimxcpjyrcnelfwrk	9552	14675	10651	
9412	iywancavoejbzrzqadph	8689	9412	1186	
6249	gzisozdsszpcykztqwxj	1239	6249	5861	
11066	ywtovfjelcdjjrprnrjn	4439	11066	74	
10424	uapxakoisywqqufgoewl	2406	10424	9212	
6812	lfqdhrkmjnezfkogfhaf	2575	6812	13128	
4097	uxfrnmnghmfopyzpsdum	1681	4097	8934	
11074	kakdmxxxdzhirsqcopja	9391	11074	8329	
5987	ubmmitmdiufzehtbrcmv	1251	5987	4272	
10012	nxezbohmtyrknrnrnkkw	288	10012	12391	
13430	tsfwtxibeuessewvfahn	4978	13430	2229	
2848	gardvjpxjbdczhsqcmyb	5212	2848	6003	
3918	yxrtbptmauntqnudqakq	3508	3918	12877	
105	jexguimqjhyasgxeapie	3181	105	8631	
1651	dzixckaefvrhutspxyvz	5349	1651	11631	
68	xcktvbmfjvlkfphjiddl	2391	68	13504	
7642	gzpyixmhhmggalovlftm	8514	7642	1515	
14204	lovohwcrehiohmshqjtv	5377	14204	7538	
5495	cbxldbcgvpspmiycjuma	853	5495	14894	
4785	xyilfevuernfbzudweat	2080	4785	896	
9320	jfgxalaaouztduesnipk	5270	9320	3287	
121	xlrmneniwzioqqsjxdrx	2093	121	14415	
11975	tsiupyoctrnvyospymjf	4603	11975	9177	
14357	sjwvzcnfoznolwqbukxz	3217	14357	6157	
14062	rswinlvljigbrzyalqmv	2343	14062	280	
6665	xhxzdugrsadtsmjupffm	994	6665	14750	
12611	hnuqmmrsloyzouztbbdz	730	12611	4277	
3025	wylabbncujfjjmdkeemu	8447	3025	6684	
14438	ohncotpjrmumgerubhsx	9763	14438	1947	
3223	gipsaydtuqoltmufrxyl	6513	3223	5484	
3223	gipsaydtuqoltmufrxyl	6513	3223	12524	
5394	vpxboptphnetqhmtqphl	6911	5394	11301	
1110	cqcioagxcsolepsodimw	5796	1110	7108	
14231	akksysrrjaqbxechvymr	3149	14231	2460	
14665	ymlvzmqpbkwtulneqvvc	5177	14665	7361	
7341	uudzycttqtdttnxkdluu	4165	7341	13082	
14764	heeksxkqgpnwcykocsvd	5486	14764	5460	
7101	yutsyggynxpauttaarti	5242	7101	3458	
14637	lwbadkzfasdatribvdql	5508	14637	12114	
188	afmelvdstorvtcaduobr	1739	188	656	
10396	qcnyzalbwqrarmauigxv	7767	10396	10456	
11202	mnpmvsjkzhbdbiykbqdm	8408	11202	5372	
273	ducsrrhfncyizzrdyjkn	8344	273	11848	
11020	lcncitkusahmccehzjvu	2436	11020	5115	
4714	hbrmztcwyvenqtkoalhv	6101	4714	11141	
11867	todjdwlmloyfbgxwkyul	120	11867	9844	
10763	ybcfumkmsrjfgrxefgiv	9624	10763	5638	
9319	eikewhbzjgbbslsajowb	6899	9319	8551	
9140	ujsxqwvlnidvgedzduqz	4239	9140	6660	
11539	ceqakmrdmawnswgotxht	2716	11539	11901	
11202	mnpmvsjkzhbdbiykbqdm	8408	11202	10487	
3967	jejmrieprmgpzonoilga	6872	3967	3918	
11856	ciamdtkezreeecvbkywm	5677	11856	12790	
7773	yxgrpikazwfnjvvssyxw	7	7773	5206	
14706	ghennctiudmzajumvmun	3702	14706	4116	
2077	fgiyhyshhibjmnagvtjk	6433	2077	11184	
13874	xdduqukkdguyyhatefyw	8146	13874	12508	
1245	lwaqgznctawtsvcegbyq	8170	1245	2970	
10320	mbzqcsxngcxsgotkkanz	7315	10320	12025	
8107	rckyhbqoiouuoqqxikjp	9926	8107	641	
7454	gxggdoprqpubbtkqcezv	9949	7454	6502	
7603	mqpospeksyqaouslrojy	2212	7603	2513	
12145	njaqunztnqioeqkzwqbt	676	12145	10404	
1311	jlbdhskniupdxbbgoxxk	2711	1311	11364	
2604	gmetgcsqpmzzhqwbswua	930	2604	8440	
4347	jzsggyqsvfqkcdlsyxyo	372	4347	7538	
12427	hbovuredxvuzssrmgbza	2157	12427	4750	
937	gwzhzziqnubcbmunlerr	7851	937	8030	
1580	bzwyvladthwselaqjnkc	6334	1580	1236	
6943	ddpgygmkszdthoyqbqca	8531	6943	4304	
9346	nafrvgtwoehipmtjplrd	2686	9346	605	
11593	wntlmjpqtdzhrajlkpya	1429	11593	5652	
2582	xeqrktyabycgyycljefu	3051	2582	11411	
4211	jdyoktakgzojzxpnxkln	5307	4211	14347	
4211	jdyoktakgzojzxpnxkln	5307	4211	500	
12126	fqtsedzvwsstllyojhfr	6414	12126	8033	
1147	ijzpbxmnnknlvcjglpey	2592	1147	5457	
7594	tyntpzxqtsydgcntzjmf	5401	7594	2358	
9581	xcfgyjhkmdemouuvmfjd	5881	9581	9965	
4590	mhatqrmfdcjftpllupta	3439	4590	12252	
10685	jzscwjippelsodoszscg	8928	10685	6216	
3651	osaiazvmpuhwrcfpjufc	2966	3651	9154	
11274	yeimgxrrybbifhosnlyi	5680	11274	6261	
13836	wplvleovkrrgdriwxmnl	2125	13836	4459	
13673	ijftqxbtqjzvvalunhgw	6158	13673	581	
8814	xkhjewqcfzlecpvckpwq	5399	8814	7532	
7401	kxlzcbfooqcyvtluhkwq	5484	7401	11073	
7644	uwuqimpndqjdzzjihlvy	259	7644	9480	
12319	dtvwgckymincpvfhkqgb	4790	12319	4646	
14337	bqrdcghxxsvdbifmxayj	762	14337	10881	
10374	rmrozwaeeskcozudrsgt	7467	10374	11143	
12046	awsyjqubmyyknmravche	2933	12046	14911	
4615	ognajczizqejzoviazvd	582	4615	10877	
9891	ivvwiawkjomkihivrsba	1998	9891	2454	
4208	hxspueumchhhilkecpll	8637	4208	6132	
9653	pumlnxjhkveurgkbdnzx	8924	9653	10457	
10847	yfxsvhbvliiobivsijtz	3013	10847	4707	
6960	fccsfchaepdmpcolzsho	6574	6960	13710	
13402	fivckrhqkmjlalpxpjtu	5692	13402	1876	
1345	wbpflcqwfrnrsnzycqzr	6475	1345	13764	
8144	dgcavyzjgjykerplcguw	1945	8144	7374	
12080	ijopavhykbvopjmyloze	4158	12080	3025	
8489	rduvoqcdogygmqmvfway	8464	8489	12745	
7740	cbcjloamfvjyyhjaoigw	424	7740	5353	
4036	avcqevtwiqqbjnuixrjb	810	4036	13343	
9899	uqnlvezyrlflxvplybzr	3670	9899	8149	
12090	wtgrruvsdbchtobmjmsm	5934	12090	6189	
2076	iinpzwljsgakvjjpkuay	8539	2076	4553	
13815	ebtvtjwqjdocfdyvlucc	1833	13815	3997	
5486	rmnrgdwtvoreqkxknqnf	5518	5486	14348	
13312	jibdyuhujcrulsgcwqzx	2812	13312	10431	
8634	tivgsqllkubsysazmbig	150	8634	11491	
4543	tqhvdlmkvzvdyasxpjlc	5639	4543	5963	
131	huziidrbpshldhmtcvtm	7600	131	13171	
7835	syzwglhrdwiukiyjaqot	1264	7835	12574	
7504	ldgbbrybdvobanwxwtww	9178	7504	11455	
1088	picciioijlzofuwncfkc	8357	1088	8027	
16	pxfepqiihaqrwqsgciex	1734	16	1072	
9286	toeufgnwkltuoefsgfia	3038	9286	688	
4944	oafnhbpimwylawwzpjuw	1954	4944	8123	
1611	poithqxwgpetkwgwiyea	7899	1611	9994	
3296	wbbsdoyojjjhppmgyudj	2893	3296	14214	
10720	ybacljqqvqbyyiwjqwfx	1551	10720	1523	
5008	ncibdngggmiyrljngobj	4911	5008	12588	
12937	jncoqqmoxievadawcqgz	6265	12937	5603	
5676	gmompmhsjxaniwurfrbu	7078	5676	14365	
10249	dzlmjazemnjzchkuflgv	1632	10249	10071	
3556	ufnolmexfrocpptmwjen	726	3556	9846	
7388	ynthfnlkhztphhpgazqs	8811	7388	6468	
14913	urzfmxblwufhlghagjev	5784	14913	11783	
8334	nwbvqkzwyrgtfjnjvvmf	1779	8334	6571	
10533	ecrweskfoanaynrxjakf	4592	10533	10595	
10509	imxcttkmiyxkunblsneb	5369	10509	3740	
1752	rowzkfxpovmwuksokdnk	1944	1752	14372	
14761	armgxegxlsvibecwfzpk	4488	14761	3819	
12777	yebosbgzdwauagstlyzh	3432	12777	12002	
12387	poqckiosrpemljszmyfa	1722	12387	3466	
13063	vhfxvqleutvvuilkbbqs	2660	13063	3845	
6269	mbbxdjtyemejfyibcysf	6379	6269	2456	
207	hopvacxhafexvsmajbpt	4320	207	5944	
13083	wzuyzlfitweuxpqyknqn	8759	13083	13963	
13063	vhfxvqleutvvuilkbbqs	2660	13063	11151	
4958	kqfqmojhxvggxcjkmrza	7226	4958	9746	
207	hopvacxhafexvsmajbpt	4320	207	1966	
3347	obknmcgexfscnejdgdpw	2218	3347	11439	
777	ddadwofqutfuzdfxdusk	1997	777	3197	
6672	lceelnzdxnwydoxavkcv	5981	6672	4931	
4073	bxcnyjobstvimuujnbel	4472	4073	6251	
14821	govnbznkwcfhhebuxugs	7591	14821	11904	
1379	zbpwlmmowsgouiqkdlrg	8684	1379	1926	
4184	iozwtxhhcysxwupnvifa	5996	4184	12636	
13390	zcyergmlmpkikrdsdbol	8236	13390	13925	
13400	afoltqrepredgriryigz	835	13400	10993	
4877	yxwsbxcrairikxskubkx	8810	4877	14194	
1440	ikkpxqyipluptkyndomg	4896	1440	893	
10465	iwrbtnohapnbeplnbwwj	1642	10465	2630	
4309	oijzswzbukykwamhejkg	4126	4309	5185	
9727	ocyfsmzxoblfkccvsuag	2053	9727	14059	
11776	verldwvhhlnobegdgadq	9971	11776	10339	
7851	ndczgafxpnaywxuajahx	9341	7851	6324	
3456	foqgkhemcujxoinvpqrj	3653	3456	11961	
13314	hhfzfhrfaucdpkfkmcic	1008	13314	10931	
4053	wbwsvbtqjbytkmzmxseo	2907	4053	10330	
11664	jfzficoqnbzzvunstffs	1790	11664	2264	
11425	pxqwzytqynylltpnzopx	9096	11425	1617	
1956	pbfolduywpqnkdwnvwxn	7196	1956	10244	
94	nxftlcngbjgzqhwjnkwo	5145	94	6544	
11492	ldvpsaarojrosidalswl	6329	11492	14181	
5309	rpqhqrrthsjpxurcqfwg	3744	5309	2946	
5727	hotkdzvjplfpvbkufrmp	4465	5727	3505	
6941	ccckulowvgnngeyqkuyp	215	6941	7164	
7220	ypuszeouefzzgzwzbshs	6462	7220	4612	
2754	yzmstonlunekfwhshfpv	5104	2754	13263	
2711	hjebjkawiyoienfbwkcu	1383	2711	2529	
3688	fdqoqqlqukxbjbwnovzx	7797	3688	8312	
2615	jsfhirrnfiboyafzcvdx	6783	2615	13901	
7790	lvhtddfuzuxxfcfkgscw	2575	7790	10073	
8462	npirelhkixxzekmvclpx	4355	8462	11640	
6195	yqtnpobxmoudvkzeexda	2170	6195	13937	
1373	provioecwjzybparlnya	6301	1373	13771	
7790	lvhtddfuzuxxfcfkgscw	2575	7790	7094	
1996	phaanxjbtvumimhywbzd	3765	1996	1914	
8462	npirelhkixxzekmvclpx	4355	8462	2079	
12633	pmpufgipvpvgzzovznch	2754	12633	14422	
7755	sgtrccplvuhvypaurjxd	9736	7755	1264	
1298	bnniixlipozqyqxrrehn	6376	1298	11310	
12408	deljmnqemwpcmusbotnj	617	12408	8238	
6507	qdepzixcdtmdyqgqsdyr	9272	6507	8137	
10699	rbpdbwyxiljvfggjzwrz	5768	10699	1877	
8980	udnihmrlwdhkhlhasiwp	7672	8980	899	
13310	wkbytshdzwqpcqiirnhz	6297	13310	1791	
13310	wkbytshdzwqpcqiirnhz	6297	13310	6469	
14991	xfuycbphuziagukbexcy	4366	14991	4372	
4215	stycdorsenfhglzywuzk	851	4215	14375	
8496	xfniktjsvclntroigwow	830	8496	11389	
6775	nlewpqmroblwimrlgcgb	813	6775	8229	
8799	pqeewfthdudaewadxvwg	5681	8799	3830	
1756	jjlufjmkgvsgqatpdjzn	7458	1756	11989	
7941	viubausjngrirajkkmqs	7545	7941	5640	
1664	qhlavgodryvqaomlfepx	1003	1664	694	
5959	itsqxxeqssroyefldfkj	5675	5959	11718	
9095	rnytrqhbgjddvaycfvjd	6636	9095	10778	
13901	ikdnsaufeubhtkljsxrb	1879	13901	1305	
5261	vizcgjlmhionuhgykuhl	4033	5261	11378	
13843	hxucsaaipkiskqynujho	7613	13843	8913	
7143	ekwzfvrcvprxmbhzbuiq	3693	7143	984	
13349	sdbdkybwkrlpoqjromnw	7895	13349	5940	
9444	ogejztpygesmzmxdtsgo	7685	9444	4740	
14182	amungsymzgsogimtgarj	4373	14182	5539	
8228	awaoqydlnqcpfqhofppf	8155	8228	6717	
5063	zvegkivwxefaftqasbra	783	5063	4703	
5969	ltfbsridalttcvutkumn	4186	5969	866	
6537	anxxdnpuuzqzfvuvftav	5935	6537	9088	
13077	metiafrrgnupfkobbdss	3174	13077	11352	
3127	vyhpfhaykvozldbgnkpf	8169	3127	12157	
5261	vizcgjlmhionuhgykuhl	4033	5261	977	
12691	lpwzdfenilmgorienmoo	7494	12691	8386	
4505	dhheixofautktrjryeql	5992	4505	700	
2156	ibmokobbjqkzqordfwyr	3780	2156	10868	
5517	uhublfxudbxnhsbpfarb	9534	5517	7624	
11577	zktcdgldzgduywbutmhd	3132	11577	2980	
5789	uhrgdzofctbognhovlfc	6092	5789	7703	
10397	wfodlgrhrrmnszwotbxf	8280	10397	13634	
2027	cqhjjydwroezftvtgwwi	2350	2027	9775	
6413	rwzyggsddqcvhmemcgdb	7180	6413	7892	
4432	apacsstfbyoliufcdcdo	1840	4432	14213	
7552	tqevggpexywhcwpmarsq	1699	7552	12451	
7472	kkmqluzkgynbjuexzhfu	6015	7472	5984	
5682	hkevmepmdjvqknymnqti	3296	5682	12371	
7435	nblubpowhixhmtxjajvf	9474	7435	5712	
742	kysrfxjlxhufrirrhmpg	6217	742	5265	
7472	kkmqluzkgynbjuexzhfu	6015	7472	5587	
3937	merkodbpmbfxasfakokr	2368	3937	3620	
7249	vlktprtoeqvtcjmtspof	1115	7249	9471	
14829	adzuqdttrjnqgaluyixf	9459	14829	13389	
5054	dllxtaydpnvlpornwrxe	9128	5054	6813	
